TN:
SF:src\App.vue
FN:1,(empty-report)
FNF:1
FNH:0
FNDA:0,(empty-report)
DA:1,0
DA:4,0
DA:5,0
DA:6,0
DA:7,0
DA:8,0
DA:9,0
DA:10,0
DA:12,0
DA:13,0
DA:14,0
DA:16,0
DA:17,0
DA:19,0
DA:21,0
DA:22,0
DA:23,0
DA:24,0
DA:25,0
DA:26,0
DA:27,0
DA:28,0
DA:30,0
DA:31,0
DA:32,0
DA:33,0
DA:34,0
DA:35,0
DA:36,0
DA:38,0
DA:39,0
DA:40,0
DA:41,0
DA:42,0
DA:44,0
DA:45,0
DA:46,0
DA:47,0
DA:49,0
DA:50,0
DA:51,0
DA:52,0
DA:53,0
DA:54,0
DA:55,0
DA:56,0
DA:57,0
DA:58,0
DA:59,0
DA:60,0
DA:61,0
DA:62,0
DA:63,0
DA:64,0
DA:65,0
DA:66,0
DA:67,0
DA:68,0
DA:69,0
DA:70,0
DA:71,0
DA:72,0
DA:73,0
DA:74,0
DA:75,0
DA:76,0
DA:77,0
DA:78,0
DA:79,0
DA:80,0
DA:81,0
DA:82,0
DA:83,0
DA:84,0
DA:85,0
DA:86,0
DA:87,0
DA:88,0
DA:89,0
DA:90,0
DA:92,0
DA:93,0
DA:94,0
DA:96,0
DA:97,0
DA:98,0
DA:99,0
DA:100,0
DA:101,0
DA:103,0
DA:104,0
DA:106,0
DA:107,0
DA:108,0
DA:109,0
DA:111,0
DA:112,0
DA:113,0
DA:114,0
DA:116,0
DA:117,0
DA:118,0
DA:119,0
DA:120,0
DA:121,0
DA:122,0
DA:124,0
DA:125,0
DA:126,0
DA:128,0
DA:129,0
DA:130,0
DA:132,0
DA:133,0
DA:134,0
DA:135,0
DA:136,0
DA:138,0
DA:139,0
DA:140,0
DA:141,0
DA:142,0
DA:143,0
DA:144,0
DA:145,0
DA:146,0
DA:147,0
DA:149,0
DA:150,0
DA:151,0
DA:152,0
DA:153,0
DA:154,0
DA:156,0
DA:157,0
DA:158,0
DA:159,0
DA:160,0
DA:161,0
DA:163,0
DA:164,0
DA:165,0
DA:166,0
DA:167,0
DA:168,0
DA:169,0
DA:170,0
DA:171,0
DA:172,0
DA:173,0
DA:174,0
DA:175,0
DA:177,0
DA:178,0
DA:179,0
DA:180,0
DA:184,0
DA:185,0
DA:186,0
DA:187,0
DA:188,0
DA:189,0
DA:190,0
DA:192,0
DA:193,0
DA:194,0
DA:195,0
DA:196,0
DA:200,0
DA:202,0
DA:203,0
DA:204,0
DA:205,0
DA:206,0
DA:207,0
DA:208,0
DA:209,0
DA:210,0
DA:211,0
DA:212,0
DA:213,0
DA:214,0
DA:215,0
DA:217,0
DA:218,0
DA:219,0
DA:220,0
DA:221,0
DA:222,0
DA:223,0
LF:190
LH:0
BRDA:1,0,0,0
BRF:1
BRH:0
end_of_record
TN:
SF:src\sw.ts
FN:1,(empty-report)
FNF:1
FNH:0
FNDA:0,(empty-report)
DA:1,0
DA:7,0
DA:11,0
DA:12,0
DA:13,0
DA:16,0
DA:17,0
DA:18,0
DA:19,0
DA:20,0
DA:23,0
DA:24,0
DA:25,0
DA:26,0
DA:27,0
DA:30,0
DA:32,0
DA:33,0
DA:34,0
DA:35,0
DA:36,0
DA:37,0
DA:38,0
DA:39,0
DA:41,0
DA:42,0
DA:44,0
DA:45,0
DA:46,0
DA:47,0
DA:48,0
DA:49,0
DA:50,0
DA:52,0
DA:53,0
DA:54,0
DA:55,0
DA:56,0
DA:57,0
DA:58,0
DA:59,0
DA:60,0
DA:61,0
DA:62,0
DA:64,0
DA:65,0
DA:67,0
DA:68,0
DA:69,0
DA:72,0
DA:74,0
DA:75,0
DA:76,0
DA:77,0
DA:79,0
DA:80,0
DA:83,0
DA:84,0
DA:85,0
DA:86,0
DA:89,0
DA:90,0
DA:95,0
DA:96,0
DA:97,0
DA:102,0
DA:103,0
DA:106,0
DA:107,0
DA:109,0
DA:110,0
DA:111,0
DA:114,0
DA:115,0
DA:116,0
DA:117,0
DA:118,0
DA:119,0
DA:120,0
DA:122,0
DA:123,0
DA:124,0
DA:129,0
DA:130,0
DA:131,0
DA:132,0
DA:133,0
DA:134,0
DA:135,0
DA:137,0
DA:138,0
DA:143,0
DA:144,0
DA:146,0
DA:147,0
DA:150,0
DA:151,0
DA:152,0
DA:154,0
DA:155,0
DA:157,0
DA:158,0
DA:159,0
DA:160,0
DA:163,0
DA:164,0
DA:165,0
DA:166,0
DA:167,0
DA:168,0
DA:169,0
DA:170,0
DA:171,0
DA:172,0
DA:173,0
DA:174,0
DA:175,0
DA:180,0
DA:181,0
DA:183,0
DA:184,0
DA:185,0
DA:186,0
DA:188,0
DA:189,0
DA:190,0
DA:191,0
DA:192,0
DA:193,0
DA:194,0
DA:196,0
DA:197,0
DA:198,0
DA:199,0
DA:200,0
DA:201,0
DA:202,0
DA:203,0
DA:204,0
DA:207,0
DA:208,0
DA:210,0
DA:211,0
DA:213,0
DA:214,0
DA:215,0
DA:216,0
DA:217,0
DA:218,0
DA:219,0
DA:220,0
DA:221,0
DA:222,0
DA:223,0
DA:224,0
DA:229,0
DA:235,0
DA:236,0
DA:237,0
DA:239,0
DA:240,0
DA:242,0
DA:243,0
DA:244,0
DA:245,0
DA:246,0
DA:247,0
DA:248,0
DA:249,0
DA:250,0
DA:251,0
DA:252,0
DA:253,0
DA:256,0
DA:257,0
DA:258,0
DA:259,0
DA:260,0
DA:261,0
DA:266,0
DA:267,0
DA:268,0
DA:269,0
DA:270,0
DA:271,0
DA:272,0
DA:273,0
DA:275,0
DA:276,0
DA:278,0
DA:279,0
DA:280,0
DA:281,0
DA:282,0
DA:283,0
DA:284,0
DA:285,0
DA:287,0
DA:288,0
DA:289,0
DA:290,0
DA:291,0
DA:293,0
DA:294,0
DA:299,0
DA:300,0
DA:301,0
DA:302,0
DA:307,0
DA:308,0
DA:310,0
DA:312,0
DA:313,0
DA:314,0
DA:316,0
DA:317,0
DA:318,0
DA:319,0
DA:320,0
DA:321,0
DA:322,0
DA:323,0
DA:325,0
DA:326,0
DA:328,0
LF:225
LH:0
BRDA:1,0,0,0
BRF:1
BRH:0
end_of_record
TN:
SF:src\components\AccessibleMap.vue
FN:1,(empty-report)
FNF:1
FNH:0
FNDA:0,(empty-report)
DA:1,0
DA:2,0
DA:3,0
DA:5,0
DA:6,0
DA:7,0
DA:8,0
DA:9,0
DA:10,0
DA:11,0
DA:12,0
DA:13,0
DA:14,0
DA:15,0
DA:16,0
DA:18,0
DA:19,0
DA:20,0
DA:21,0
DA:22,0
DA:23,0
DA:24,0
DA:25,0
DA:26,0
DA:27,0
DA:28,0
DA:29,0
DA:30,0
DA:31,0
DA:33,0
DA:34,0
DA:35,0
DA:36,0
DA:37,0
DA:50,0
DA:52,0
DA:53,0
DA:54,0
DA:55,0
DA:56,0
DA:57,0
DA:58,0
DA:59,0
DA:60,0
DA:61,0
DA:62,0
DA:63,0
DA:65,0
DA:67,0
DA:68,0
DA:69,0
DA:71,0
DA:72,0
DA:73,0
DA:74,0
DA:75,0
DA:76,0
DA:77,0
DA:79,0
DA:80,0
DA:82,0
DA:83,0
DA:84,0
DA:85,0
DA:86,0
DA:88,0
DA:89,0
DA:90,0
DA:91,0
DA:92,0
DA:93,0
DA:94,0
DA:95,0
DA:96,0
DA:97,0
DA:98,0
DA:99,0
DA:100,0
DA:101,0
DA:102,0
DA:103,0
DA:104,0
DA:105,0
DA:106,0
DA:108,0
DA:109,0
DA:110,0
DA:111,0
DA:112,0
DA:113,0
DA:115,0
DA:116,0
DA:117,0
DA:119,0
DA:120,0
DA:121,0
DA:122,0
DA:123,0
DA:124,0
DA:125,0
DA:126,0
DA:127,0
DA:128,0
DA:129,0
DA:130,0
DA:131,0
DA:133,0
DA:134,0
DA:135,0
DA:136,0
DA:137,0
DA:138,0
DA:139,0
DA:141,0
DA:142,0
DA:143,0
DA:145,0
DA:146,0
DA:147,0
DA:149,0
DA:150,0
DA:151,0
DA:152,0
DA:154,0
DA:155,0
DA:156,0
DA:157,0
DA:158,0
DA:160,0
DA:161,0
DA:162,0
DA:163,0
DA:164,0
DA:165,0
DA:166,0
DA:168,0
DA:169,0
DA:170,0
DA:171,0
DA:172,0
DA:173,0
DA:174,0
DA:175,0
DA:176,0
DA:177,0
DA:178,0
DA:179,0
DA:180,0
DA:182,0
DA:183,0
DA:184,0
DA:185,0
DA:186,0
DA:188,0
DA:189,0
DA:190,0
DA:191,0
DA:192,0
DA:193,0
DA:194,0
DA:195,0
DA:196,0
DA:197,0
DA:199,0
DA:200,0
DA:201,0
DA:202,0
DA:203,0
DA:204,0
DA:205,0
DA:206,0
DA:207,0
DA:208,0
DA:210,0
DA:211,0
DA:212,0
DA:213,0
DA:214,0
DA:215,0
DA:217,0
DA:218,0
DA:219,0
DA:221,0
DA:222,0
DA:223,0
DA:224,0
DA:225,0
DA:226,0
DA:227,0
DA:229,0
DA:230,0
DA:231,0
DA:232,0
DA:233,0
DA:234,0
DA:236,0
DA:237,0
DA:238,0
DA:239,0
DA:240,0
DA:242,0
DA:243,0
DA:244,0
DA:245,0
DA:246,0
DA:247,0
DA:248,0
DA:249,0
DA:250,0
DA:251,0
DA:252,0
DA:253,0
DA:255,0
DA:256,0
DA:257,0
DA:258,0
DA:259,0
DA:260,0
DA:261,0
DA:262,0
DA:263,0
DA:264,0
DA:265,0
DA:266,0
DA:268,0
DA:269,0
DA:270,0
DA:272,0
DA:273,0
DA:274,0
DA:275,0
DA:276,0
DA:277,0
DA:278,0
DA:279,0
DA:280,0
DA:281,0
DA:282,0
DA:283,0
DA:284,0
DA:285,0
DA:286,0
DA:287,0
DA:288,0
DA:290,0
DA:291,0
DA:292,0
DA:294,0
DA:295,0
DA:296,0
DA:297,0
DA:299,0
DA:300,0
DA:301,0
DA:302,0
DA:303,0
DA:304,0
DA:305,0
DA:308,0
DA:309,0
DA:310,0
DA:311,0
DA:312,0
DA:314,0
DA:316,0
DA:317,0
DA:318,0
DA:319,0
DA:320,0
DA:321,0
DA:322,0
DA:323,0
DA:324,0
DA:325,0
DA:326,0
DA:327,0
DA:328,0
DA:329,0
DA:330,0
DA:331,0
DA:332,0
DA:333,0
DA:334,0
DA:335,0
DA:336,0
DA:337,0
DA:338,0
DA:339,0
DA:340,0
DA:341,0
DA:342,0
DA:343,0
DA:344,0
DA:345,0
DA:346,0
DA:347,0
DA:348,0
DA:349,0
DA:350,0
DA:351,0
DA:352,0
DA:353,0
DA:354,0
DA:355,0
DA:356,0
DA:357,0
DA:359,0
DA:360,0
DA:361,0
DA:362,0
DA:363,0
DA:364,0
DA:367,0
DA:368,0
DA:369,0
DA:370,0
DA:371,0
DA:372,0
DA:373,0
DA:374,0
DA:375,0
DA:376,0
DA:378,0
DA:379,0
DA:380,0
DA:381,0
DA:382,0
DA:383,0
DA:384,0
DA:385,0
DA:387,0
DA:388,0
DA:389,0
DA:390,0
DA:391,0
DA:392,0
DA:393,0
DA:394,0
DA:395,0
DA:396,0
DA:397,0
DA:399,0
DA:400,0
DA:402,0
DA:403,0
DA:404,0
DA:405,0
DA:406,0
DA:407,0
DA:408,0
DA:409,0
DA:410,0
DA:411,0
DA:413,0
DA:414,0
DA:415,0
DA:417,0
DA:418,0
DA:419,0
DA:421,0
DA:422,0
DA:423,0
DA:425,0
DA:426,0
DA:427,0
DA:429,0
DA:430,0
DA:431,0
DA:432,0
DA:433,0
DA:434,0
DA:435,0
DA:436,0
DA:438,0
DA:439,0
DA:440,0
DA:442,0
DA:443,0
DA:444,0
DA:445,0
DA:446,0
DA:447,0
DA:448,0
DA:449,0
DA:450,0
DA:452,0
DA:453,0
DA:454,0
DA:455,0
DA:456,0
DA:457,0
DA:460,0
DA:461,0
DA:462,0
DA:463,0
DA:465,0
DA:466,0
DA:467,0
DA:468,0
DA:469,0
DA:470,0
DA:471,0
DA:472,0
DA:473,0
DA:474,0
DA:475,0
DA:476,0
DA:477,0
DA:478,0
DA:479,0
DA:481,0
DA:482,0
DA:483,0
DA:484,0
DA:485,0
DA:486,0
DA:487,0
DA:488,0
DA:489,0
DA:490,0
DA:491,0
DA:492,0
DA:493,0
DA:494,0
DA:497,0
DA:498,0
DA:499,0
DA:500,0
DA:501,0
DA:502,0
DA:503,0
DA:505,0
DA:506,0
DA:507,0
DA:508,0
DA:509,0
DA:510,0
DA:511,0
DA:512,0
DA:513,0
DA:515,0
DA:516,0
DA:517,0
DA:518,0
DA:519,0
DA:520,0
DA:521,0
DA:522,0
DA:524,0
DA:525,0
DA:526,0
DA:527,0
DA:528,0
DA:529,0
DA:530,0
DA:531,0
DA:532,0
DA:534,0
DA:535,0
DA:536,0
DA:537,0
DA:538,0
DA:539,0
DA:540,0
DA:541,0
DA:546,0
DA:547,0
DA:549,0
DA:550,0
DA:551,0
DA:552,0
DA:553,0
DA:554,0
DA:555,0
DA:556,0
DA:557,0
DA:558,0
DA:559,0
DA:560,0
DA:561,0
DA:562,0
DA:563,0
DA:564,0
DA:565,0
DA:566,0
DA:567,0
DA:569,0
DA:570,0
DA:571,0
DA:572,0
DA:573,0
DA:574,0
DA:575,0
DA:576,0
DA:577,0
DA:578,0
DA:579,0
DA:580,0
DA:581,0
DA:582,0
DA:583,0
DA:585,0
DA:586,0
DA:587,0
DA:588,0
DA:589,0
DA:590,0
DA:591,0
DA:592,0
DA:593,0
DA:594,0
DA:595,0
DA:596,0
DA:604,0
DA:606,0
DA:607,0
DA:608,0
DA:616,0
DA:617,0
DA:618,0
DA:619,0
DA:620,0
DA:621,0
DA:623,0
DA:624,0
DA:625,0
DA:626,0
DA:627,0
DA:628,0
DA:629,0
DA:630,0
DA:631,0
DA:632,0
DA:634,0
DA:635,0
DA:636,0
DA:637,0
DA:638,0
DA:640,0
DA:641,0
DA:642,0
DA:643,0
DA:644,0
DA:646,0
DA:647,0
DA:648,0
DA:649,0
DA:650,0
DA:651,0
DA:652,0
DA:653,0
DA:654,0
DA:655,0
DA:656,0
DA:657,0
DA:658,0
DA:659,0
DA:660,0
DA:661,0
DA:662,0
DA:663,0
DA:664,0
DA:666,0
DA:667,0
DA:668,0
DA:669,0
DA:670,0
DA:671,0
DA:672,0
DA:674,0
DA:675,0
DA:676,0
DA:677,0
DA:678,0
DA:680,0
DA:681,0
DA:682,0
DA:684,0
DA:685,0
DA:686,0
DA:687,0
DA:688,0
DA:689,0
DA:690,0
DA:691,0
DA:696,0
DA:697,0
LF:587
LH:0
BRDA:1,0,0,0
BRF:1
BRH:0
end_of_record
TN:
SF:src\components\FavoritesPanel.vue
FN:1,(empty-report)
FNF:1
FNH:0
FNDA:0,(empty-report)
DA:1,0
DA:2,0
DA:3,0
DA:5,0
DA:7,0
DA:18,0
DA:26,0
DA:27,0
DA:28,0
DA:29,0
DA:31,0
DA:32,0
DA:33,0
DA:34,0
DA:36,0
DA:37,0
DA:38,0
DA:39,0
DA:41,0
DA:42,0
DA:43,0
DA:44,0
DA:46,0
DA:47,0
DA:48,0
DA:49,0
DA:51,0
DA:52,0
DA:53,0
DA:55,0
DA:56,0
DA:57,0
DA:59,0
DA:60,0
DA:61,0
DA:63,0
DA:64,0
DA:65,0
DA:69,0
DA:70,0
DA:71,0
DA:72,0
DA:73,0
DA:74,0
DA:75,0
DA:76,0
DA:77,0
DA:78,0
DA:79,0
DA:81,0
DA:82,0
DA:83,0
DA:84,0
DA:85,0
DA:87,0
DA:89,0
DA:90,0
DA:91,0
DA:92,0
DA:93,0
DA:95,0
DA:96,0
DA:97,0
DA:98,0
DA:99,0
DA:100,0
DA:101,0
DA:102,0
DA:103,0
DA:104,0
DA:106,0
DA:107,0
DA:108,0
DA:109,0
DA:110,0
DA:111,0
DA:112,0
DA:113,0
DA:114,0
DA:115,0
DA:116,0
LF:81
LH:0
BRDA:1,0,0,0
BRF:1
BRH:0
end_of_record
TN:
SF:src\components\FloorSelector.vue
FN:1,(empty-report)
FNF:1
FNH:0
FNDA:0,(empty-report)
DA:1,0
DA:2,0
DA:3,0
DA:4,0
DA:5,0
DA:6,0
DA:7,0
DA:8,0
DA:9,0
DA:22,0
DA:23,0
DA:24,0
DA:25,0
DA:26,0
DA:27,0
DA:28,0
DA:29,0
DA:30,0
DA:34,0
DA:35,0
DA:36,0
DA:37,0
DA:38,0
DA:39,0
DA:41,0
DA:42,0
DA:43,0
DA:44,0
DA:45,0
LF:29
LH:0
BRDA:1,0,0,0
BRF:1
BRH:0
end_of_record
TN:
SF:src\components\HistoryPanel.vue
FN:1,(empty-report)
FNF:1
FNH:0
FNDA:0,(empty-report)
DA:1,0
DA:2,0
DA:3,0
DA:4,0
DA:5,0
DA:6,0
DA:7,0
DA:8,0
DA:9,0
DA:10,0
DA:11,0
DA:12,0
DA:13,0
DA:14,0
DA:15,0
DA:16,0
DA:17,0
DA:18,0
DA:19,0
DA:20,0
DA:21,0
DA:22,0
DA:23,0
DA:24,0
DA:25,0
DA:26,0
DA:30,0
DA:31,0
DA:32,0
DA:33,0
DA:34,0
DA:35,0
DA:36,0
DA:37,0
DA:38,0
DA:39,0
DA:40,0
DA:42,0
DA:43,0
DA:44,0
DA:45,0
DA:46,0
DA:47,0
DA:49,0
DA:50,0
DA:51,0
DA:52,0
DA:53,0
DA:54,0
DA:55,0
DA:56,0
DA:57,0
DA:58,0
DA:59,0
DA:60,0
DA:61,0
DA:62,0
DA:63,0
DA:64,0
DA:65,0
DA:66,0
DA:67,0
DA:68,0
DA:69,0
DA:70,0
DA:72,0
DA:73,0
DA:74,0
DA:76,0
DA:77,0
DA:78,0
DA:79,0
DA:81,0
DA:82,0
DA:83,0
DA:84,0
DA:85,0
DA:86,0
DA:87,0
DA:88,0
LF:80
LH:0
BRDA:1,0,0,0
BRF:1
BRH:0
end_of_record
TN:
SF:src\components\MapCanvas.vue
FN:1,(empty-report)
FNF:1
FNH:0
FNDA:0,(empty-report)
DA:1,0
DA:2,0
DA:11,0
DA:12,0
DA:14,0
DA:15,0
DA:16,0
DA:18,0
DA:19,0
DA:20,0
DA:24,0
DA:25,0
DA:26,0
DA:27,0
LF:14
LH:0
BRDA:1,0,0,0
BRF:1
BRH:0
end_of_record
TN:
SF:src\components\MyReportsPanel.vue
FN:1,(empty-report)
FNF:1
FNH:0
FNDA:0,(empty-report)
DA:1,0
DA:2,0
DA:3,0
DA:4,0
DA:5,0
DA:7,0
DA:9,0
DA:16,0
DA:17,0
DA:19,0
DA:20,0
DA:21,0
DA:22,0
DA:23,0
DA:24,0
DA:25,0
DA:26,0
DA:27,0
DA:29,0
DA:30,0
DA:31,0
DA:32,0
DA:34,0
DA:35,0
DA:36,0
DA:37,0
DA:38,0
DA:39,0
DA:40,0
DA:41,0
DA:42,0
DA:43,0
DA:45,0
DA:46,0
DA:47,0
DA:48,0
DA:49,0
DA:50,0
DA:51,0
DA:52,0
DA:53,0
DA:54,0
DA:55,0
DA:57,0
DA:58,0
DA:59,0
DA:60,0
DA:61,0
DA:62,0
DA:63,0
DA:64,0
DA:65,0
DA:67,0
DA:68,0
DA:69,0
DA:70,0
DA:72,0
DA:73,0
DA:74,0
DA:75,0
DA:76,0
DA:80,0
DA:81,0
DA:82,0
DA:83,0
DA:84,0
DA:85,0
DA:86,0
DA:87,0
DA:88,0
DA:89,0
DA:90,0
DA:91,0
DA:92,0
DA:93,0
DA:94,0
DA:95,0
DA:97,0
DA:98,0
DA:99,0
DA:101,0
DA:102,0
DA:103,0
DA:105,0
DA:106,0
DA:107,0
DA:108,0
DA:109,0
DA:110,0
DA:111,0
DA:112,0
DA:113,0
DA:114,0
DA:115,0
DA:116,0
DA:117,0
DA:118,0
DA:119,0
DA:120,0
DA:121,0
LF:100
LH:0
BRDA:1,0,0,0
BRF:1
BRH:0
end_of_record
TN:
SF:src\components\NavigationPanel.vue
FN:1,(empty-report)
FNF:1
FNH:0
FNDA:0,(empty-report)
DA:1,0
DA:2,0
DA:3,0
DA:4,0
DA:5,0
DA:11,0
DA:13,0
DA:15,0
DA:22,0
DA:30,0
DA:31,0
DA:33,0
DA:35,0
DA:36,0
DA:37,0
DA:39,0
DA:40,0
DA:41,0
DA:42,0
DA:44,0
DA:46,0
DA:48,0
DA:50,0
DA:51,0
DA:52,0
DA:53,0
DA:54,0
DA:55,0
DA:56,0
DA:57,0
DA:58,0
DA:59,0
DA:63,0
DA:64,0
DA:65,0
DA:66,0
DA:67,0
DA:68,0
DA:69,0
DA:70,0
DA:71,0
DA:72,0
DA:73,0
DA:74,0
DA:75,0
DA:76,0
DA:77,0
DA:78,0
DA:79,0
DA:80,0
DA:81,0
DA:82,0
DA:84,0
DA:85,0
DA:86,0
DA:87,0
DA:88,0
DA:89,0
DA:90,0
DA:92,0
DA:93,0
DA:94,0
DA:95,0
DA:96,0
DA:97,0
DA:99,0
DA:100,0
DA:101,0
DA:102,0
DA:103,0
DA:104,0
DA:106,0
DA:107,0
DA:108,0
DA:109,0
DA:110,0
DA:111,0
DA:112,0
DA:113,0
DA:114,0
DA:115,0
DA:116,0
DA:117,0
DA:118,0
DA:119,0
DA:120,0
DA:121,0
DA:122,0
DA:123,0
DA:124,0
DA:125,0
DA:127,0
DA:129,0
DA:130,0
DA:131,0
DA:132,0
DA:133,0
DA:134,0
DA:135,0
DA:136,0
DA:137,0
DA:138,0
DA:139,0
DA:140,0
DA:141,0
DA:142,0
DA:144,0
DA:145,0
DA:146,0
DA:147,0
DA:148,0
DA:149,0
DA:150,0
DA:151,0
DA:152,0
DA:153,0
DA:155,0
DA:156,0
DA:157,0
DA:158,0
DA:160,0
DA:161,0
DA:162,0
DA:163,0
DA:164,0
DA:165,0
DA:166,0
DA:167,0
DA:168,0
DA:169,0
DA:170,0
DA:171,0
DA:173,0
DA:174,0
DA:175,0
DA:176,0
DA:177,0
DA:178,0
DA:179,0
DA:181,0
DA:182,0
DA:183,0
DA:184,0
DA:185,0
DA:187,0
DA:188,0
DA:189,0
DA:190,0
DA:191,0
DA:192,0
DA:193,0
DA:194,0
DA:195,0
DA:196,0
DA:197,0
DA:198,0
DA:200,0
DA:201,0
DA:202,0
DA:203,0
DA:204,0
DA:205,0
DA:206,0
DA:207,0
DA:209,0
DA:210,0
DA:211,0
DA:213,0
DA:214,0
DA:215,0
DA:216,0
DA:217,0
DA:218,0
DA:219,0
DA:220,0
LF:175
LH:0
BRDA:1,0,0,0
BRF:1
BRH:0
end_of_record
TN:
SF:src\components\ObstacleReviewPanel.vue
FN:1,(empty-report)
FNF:1
FNH:0
FNDA:0,(empty-report)
DA:1,0
DA:2,0
DA:3,0
DA:4,0
DA:5,0
DA:7,0
DA:9,0
DA:16,0
DA:17,0
DA:19,0
DA:20,0
DA:21,0
DA:22,0
DA:23,0
DA:24,0
DA:25,0
DA:27,0
DA:28,0
DA:29,0
DA:30,0
DA:31,0
DA:32,0
DA:33,0
DA:34,0
DA:36,0
DA:37,0
DA:38,0
DA:39,0
DA:40,0
DA:41,0
DA:42,0
DA:43,0
DA:44,0
DA:45,0
DA:47,0
DA:48,0
DA:49,0
DA:50,0
DA:51,0
DA:52,0
DA:54,0
DA:55,0
DA:56,0
DA:57,0
DA:59,0
DA:60,0
DA:61,0
DA:62,0
DA:63,0
DA:64,0
DA:65,0
DA:66,0
DA:67,0
DA:68,0
DA:69,0
DA:71,0
DA:72,0
DA:73,0
DA:74,0
DA:75,0
DA:76,0
DA:77,0
DA:78,0
DA:79,0
DA:81,0
DA:82,0
DA:83,0
DA:84,0
DA:86,0
DA:87,0
DA:88,0
DA:89,0
DA:90,0
DA:91,0
DA:92,0
DA:94,0
DA:95,0
DA:96,0
DA:98,0
DA:99,0
DA:100,0
DA:101,0
DA:102,0
DA:103,0
DA:104,0
DA:105,0
DA:106,0
DA:107,0
DA:108,0
DA:109,0
DA:110,0
DA:111,0
DA:112,0
DA:113,0
DA:114,0
DA:115,0
DA:116,0
DA:118,0
DA:119,0
DA:120,0
DA:121,0
DA:122,0
DA:123,0
DA:124,0
DA:125,0
DA:126,0
DA:127,0
DA:128,0
DA:129,0
DA:130,0
DA:131,0
DA:132,0
DA:133,0
DA:134,0
DA:135,0
DA:137,0
DA:138,0
DA:139,0
DA:140,0
DA:141,0
DA:142,0
DA:143,0
DA:144,0
DA:145,0
DA:146,0
DA:147,0
DA:148,0
DA:149,0
DA:150,0
DA:151,0
DA:152,0
DA:153,0
DA:155,0
DA:156,0
DA:157,0
DA:161,0
DA:162,0
DA:163,0
DA:164,0
DA:165,0
DA:166,0
DA:167,0
DA:168,0
DA:169,0
DA:170,0
DA:171,0
DA:178,0
DA:179,0
DA:180,0
DA:181,0
DA:182,0
DA:183,0
DA:184,0
DA:185,0
DA:187,0
DA:188,0
DA:189,0
DA:190,0
DA:192,0
DA:193,0
DA:194,0
DA:195,0
DA:196,0
DA:197,0
DA:198,0
DA:199,0
DA:200,0
DA:201,0
DA:202,0
DA:203,0
DA:205,0
DA:206,0
DA:207,0
DA:209,0
DA:210,0
DA:211,0
DA:212,0
DA:213,0
DA:215,0
DA:216,0
DA:217,0
DA:218,0
DA:219,0
DA:220,0
DA:221,0
DA:222,0
DA:223,0
DA:224,0
DA:225,0
DA:227,0
DA:228,0
DA:229,0
DA:230,0
DA:232,0
DA:233,0
DA:234,0
DA:235,0
DA:237,0
DA:238,0
DA:239,0
DA:240,0
DA:241,0
DA:242,0
DA:243,0
DA:244,0
DA:245,0
DA:246,0
DA:247,0
DA:248,0
DA:249,0
DA:250,0
DA:251,0
DA:252,0
DA:253,0
LF:214
LH:0
BRDA:1,0,0,0
BRF:1
BRH:0
end_of_record
TN:
SF:src\components\QualityPanel.vue
FN:1,(empty-report)
FNF:1
FNH:0
FNDA:0,(empty-report)
DA:1,0
DA:2,0
DA:3,0
DA:4,0
DA:6,0
DA:23,0
DA:32,0
DA:33,0
DA:35,0
DA:36,0
DA:37,0
DA:38,0
DA:39,0
DA:40,0
DA:41,0
DA:42,0
DA:43,0
DA:44,0
DA:46,0
DA:47,0
DA:48,0
DA:50,0
DA:51,0
DA:52,0
DA:53,0
DA:54,0
DA:55,0
DA:56,0
DA:57,0
DA:58,0
DA:59,0
DA:60,0
DA:61,0
DA:63,0
DA:64,0
DA:65,0
DA:66,0
DA:67,0
DA:68,0
DA:69,0
DA:70,0
DA:71,0
DA:72,0
DA:76,0
DA:77,0
DA:78,0
DA:79,0
DA:80,0
DA:81,0
DA:82,0
DA:83,0
DA:84,0
DA:86,0
DA:87,0
DA:89,0
DA:90,0
DA:91,0
DA:92,0
DA:93,0
DA:94,0
DA:95,0
DA:97,0
DA:98,0
DA:99,0
DA:100,0
DA:101,0
DA:102,0
DA:103,0
DA:104,0
DA:105,0
DA:106,0
DA:107,0
DA:108,0
DA:109,0
DA:110,0
DA:111,0
DA:112,0
DA:113,0
DA:114,0
DA:115,0
DA:116,0
DA:118,0
DA:119,0
DA:120,0
DA:121,0
DA:122,0
DA:123,0
DA:124,0
DA:125,0
DA:126,0
DA:127,0
DA:129,0
DA:130,0
DA:131,0
DA:132,0
DA:134,0
DA:135,0
DA:136,0
DA:137,0
DA:138,0
DA:139,0
DA:140,0
DA:141,0
DA:142,0
DA:143,0
DA:144,0
DA:145,0
DA:146,0
DA:147,0
DA:148,0
DA:149,0
DA:150,0
DA:152,0
DA:153,0
DA:154,0
DA:155,0
DA:156,0
DA:157,0
DA:158,0
DA:159,0
DA:160,0
DA:161,0
DA:162,0
DA:163,0
DA:164,0
DA:165,0
DA:166,0
DA:167,0
DA:168,0
DA:169,0
DA:170,0
LF:131
LH:0
BRDA:1,0,0,0
BRF:1
BRH:0
end_of_record
TN:
SF:src\components\ReportObstacleDialog.vue
FN:1,(empty-report)
FNF:1
FNH:0
FNDA:0,(empty-report)
DA:1,0
DA:3,0
DA:4,0
DA:5,0
DA:7,0
DA:9,0
DA:15,0
DA:17,0
DA:18,0
DA:19,0
DA:20,0
DA:21,0
DA:22,0
DA:23,0
DA:25,0
DA:27,0
DA:28,0
DA:29,0
DA:30,0
DA:31,0
DA:32,0
DA:33,0
DA:35,0
DA:36,0
DA:37,0
DA:38,0
DA:39,0
DA:40,0
DA:42,0
DA:43,0
DA:44,0
DA:45,0
DA:47,0
DA:48,0
DA:50,0
DA:51,0
DA:52,0
DA:53,0
DA:54,0
DA:55,0
DA:56,0
DA:57,0
DA:58,0
DA:59,0
DA:60,0
DA:61,0
DA:63,0
DA:64,0
DA:65,0
DA:66,0
DA:67,0
DA:68,0
DA:69,0
DA:70,0
DA:71,0
DA:72,0
DA:73,0
DA:74,0
DA:75,0
DA:76,0
DA:77,0
DA:78,0
DA:79,0
DA:80,0
DA:81,0
DA:83,0
DA:84,0
DA:85,0
DA:86,0
DA:87,0
DA:88,0
DA:89,0
DA:91,0
DA:92,0
DA:93,0
DA:94,0
DA:95,0
DA:96,0
DA:97,0
DA:98,0
DA:100,0
DA:101,0
DA:102,0
DA:106,0
DA:107,0
DA:108,0
DA:109,0
DA:110,0
DA:111,0
DA:113,0
DA:114,0
DA:115,0
DA:116,0
DA:117,0
DA:119,0
DA:120,0
DA:121,0
DA:122,0
DA:123,0
DA:124,0
DA:125,0
DA:126,0
DA:128,0
DA:129,0
DA:130,0
DA:131,0
DA:132,0
DA:133,0
DA:134,0
DA:135,0
DA:136,0
DA:138,0
DA:139,0
DA:140,0
DA:141,0
DA:143,0
DA:144,0
DA:145,0
DA:146,0
DA:147,0
DA:148,0
DA:149,0
DA:150,0
DA:151,0
DA:152,0
DA:153,0
DA:154,0
DA:155,0
DA:156,0
DA:157,0
DA:158,0
DA:159,0
DA:160,0
DA:161,0
DA:163,0
DA:165,0
DA:166,0
DA:167,0
DA:168,0
DA:169,0
DA:170,0
DA:171,0
DA:172,0
DA:173,0
LF:144
LH:0
BRDA:1,0,0,0
BRF:1
BRH:0
end_of_record
TN:
SF:src\components\RoutePanel.vue
FN:1,(empty-report)
FNF:1
FNH:0
FNDA:0,(empty-report)
DA:1,0
DA:2,0
DA:4,0
DA:6,0
DA:41,0
DA:43,0
DA:44,0
DA:45,0
DA:47,0
DA:48,0
DA:49,0
DA:51,0
DA:52,0
DA:53,0
DA:55,0
DA:56,0
DA:57,0
DA:58,0
DA:59,0
DA:60,0
DA:62,0
DA:63,0
DA:64,0
DA:65,0
DA:66,0
DA:67,0
DA:68,0
DA:69,0
DA:70,0
DA:71,0
DA:75,0
DA:76,0
DA:77,0
DA:78,0
DA:79,0
DA:80,0
DA:81,0
DA:82,0
DA:83,0
DA:84,0
DA:86,0
DA:87,0
DA:88,0
DA:89,0
DA:90,0
DA:91,0
DA:92,0
DA:93,0
DA:95,0
DA:96,0
DA:97,0
DA:99,0
DA:100,0
DA:101,0
DA:102,0
DA:103,0
DA:104,0
DA:105,0
DA:106,0
DA:107,0
DA:108,0
DA:109,0
DA:111,0
DA:112,0
DA:113,0
DA:114,0
DA:115,0
DA:116,0
DA:117,0
DA:118,0
DA:119,0
DA:120,0
DA:121,0
DA:122,0
DA:123,0
DA:124,0
DA:125,0
DA:126,0
DA:127,0
DA:128,0
DA:129,0
DA:130,0
DA:131,0
DA:132,0
DA:133,0
DA:134,0
DA:135,0
DA:136,0
DA:137,0
DA:138,0
DA:139,0
DA:140,0
DA:141,0
DA:142,0
DA:143,0
DA:144,0
DA:145,0
DA:146,0
DA:147,0
DA:148,0
DA:149,0
DA:150,0
DA:152,0
DA:153,0
DA:155,0
DA:156,0
DA:157,0
DA:158,0
DA:159,0
DA:160,0
DA:161,0
DA:162,0
DA:163,0
DA:164,0
DA:165,0
DA:166,0
DA:167,0
DA:168,0
DA:169,0
DA:170,0
DA:171,0
DA:172,0
LF:122
LH:0
BRDA:1,0,0,0
BRF:1
BRH:0
end_of_record
TN:
SF:src\components\RouteReportPanel.vue
FN:1,(empty-report)
FNF:1
FNH:0
FNDA:0,(empty-report)
DA:1,0
DA:2,0
DA:3,0
DA:5,0
DA:7,0
DA:34,0
DA:36,0
DA:38,0
DA:39,0
DA:40,0
DA:42,0
DA:43,0
DA:44,0
DA:46,0
DA:47,0
DA:48,0
DA:50,0
DA:51,0
DA:52,0
DA:53,0
DA:54,0
DA:55,0
DA:57,0
DA:58,0
DA:59,0
DA:60,0
DA:61,0
DA:62,0
DA:63,0
DA:64,0
DA:65,0
DA:66,0
DA:68,0
DA:69,0
DA:70,0
DA:71,0
DA:72,0
DA:73,0
DA:77,0
DA:78,0
DA:79,0
DA:80,0
DA:81,0
DA:82,0
DA:83,0
DA:84,0
DA:85,0
DA:86,0
DA:87,0
DA:88,0
DA:90,0
DA:91,0
DA:93,0
DA:95,0
DA:96,0
DA:97,0
DA:98,0
DA:100,0
DA:101,0
DA:102,0
DA:103,0
DA:104,0
DA:106,0
DA:107,0
DA:108,0
DA:109,0
DA:110,0
DA:111,0
DA:112,0
DA:113,0
DA:115,0
DA:116,0
DA:117,0
DA:118,0
DA:119,0
DA:120,0
DA:121,0
DA:122,0
DA:123,0
DA:124,0
DA:125,0
DA:127,0
DA:128,0
DA:129,0
DA:130,0
DA:131,0
DA:132,0
DA:133,0
DA:135,0
DA:136,0
DA:137,0
DA:138,0
LF:92
LH:0
BRDA:1,0,0,0
BRF:1
BRH:0
end_of_record
TN:
SF:src\components\SearchPanel.vue
FN:1,(empty-report)
FNF:1
FNH:0
FNDA:0,(empty-report)
DA:1,0
DA:2,0
DA:3,0
DA:4,0
DA:6,0
DA:8,0
DA:39,0
DA:51,0
DA:52,0
DA:53,0
DA:54,0
DA:56,0
DA:57,0
DA:58,0
DA:60,0
DA:61,0
DA:62,0
DA:63,0
DA:64,0
DA:65,0
DA:66,0
DA:68,0
DA:69,0
DA:70,0
DA:71,0
DA:72,0
DA:74,0
DA:75,0
DA:76,0
DA:77,0
DA:79,0
DA:81,0
DA:82,0
DA:83,0
DA:85,0
DA:86,0
DA:87,0
DA:89,0
DA:90,0
DA:91,0
DA:93,0
DA:94,0
DA:95,0
DA:97,0
DA:98,0
DA:99,0
DA:101,0
DA:102,0
DA:103,0
DA:105,0
DA:106,0
DA:107,0
DA:111,0
DA:112,0
DA:113,0
DA:114,0
DA:115,0
DA:116,0
DA:117,0
DA:118,0
DA:119,0
DA:120,0
DA:121,0
DA:122,0
DA:124,0
DA:125,0
DA:126,0
DA:127,0
DA:128,0
DA:129,0
DA:130,0
DA:131,0
DA:133,0
DA:134,0
DA:135,0
DA:136,0
DA:138,0
DA:139,0
DA:140,0
DA:141,0
DA:142,0
DA:143,0
DA:144,0
DA:145,0
DA:146,0
DA:147,0
DA:148,0
DA:149,0
DA:150,0
DA:151,0
DA:152,0
DA:153,0
DA:154,0
DA:155,0
DA:156,0
DA:158,0
DA:159,0
DA:160,0
DA:161,0
DA:162,0
DA:163,0
DA:164,0
DA:165,0
DA:166,0
DA:168,0
DA:169,0
DA:171,0
DA:172,0
DA:173,0
DA:174,0
DA:175,0
DA:176,0
DA:177,0
DA:178,0
DA:179,0
DA:180,0
DA:182,0
DA:183,0
DA:184,0
DA:185,0
DA:187,0
DA:188,0
DA:189,0
DA:190,0
DA:191,0
DA:192,0
DA:193,0
DA:194,0
DA:195,0
DA:197,0
DA:198,0
DA:199,0
DA:200,0
DA:201,0
DA:202,0
DA:203,0
DA:204,0
DA:205,0
DA:206,0
DA:207,0
DA:208,0
DA:209,0
DA:210,0
DA:211,0
DA:212,0
DA:213,0
DA:214,0
DA:215,0
DA:216,0
DA:217,0
DA:218,0
DA:219,0
DA:220,0
DA:221,0
DA:222,0
DA:223,0
LF:156
LH:0
BRDA:1,0,0,0
BRF:1
BRH:0
end_of_record
TN:
SF:src\components\SettingsPanel.vue
FN:1,(empty-report)
FNF:1
FNH:0
FNDA:0,(empty-report)
DA:1,0
DA:2,0
DA:3,0
DA:4,0
DA:5,0
DA:11,0
DA:13,0
DA:14,0
DA:16,0
DA:17,0
DA:18,0
DA:19,0
DA:20,0
DA:21,0
DA:23,0
DA:66,0
DA:75,0
DA:76,0
DA:77,0
DA:78,0
DA:79,0
DA:80,0
DA:82,0
DA:83,0
DA:85,0
DA:86,0
DA:87,0
DA:88,0
DA:89,0
DA:90,0
DA:91,0
DA:93,0
DA:94,0
DA:95,0
DA:96,0
DA:97,0
DA:98,0
DA:99,0
DA:101,0
DA:102,0
DA:103,0
DA:105,0
DA:106,0
DA:107,0
DA:109,0
DA:110,0
DA:111,0
DA:113,0
DA:114,0
DA:115,0
DA:117,0
DA:118,0
DA:119,0
DA:121,0
DA:122,0
DA:123,0
DA:127,0
DA:128,0
DA:129,0
DA:130,0
DA:131,0
DA:132,0
DA:133,0
DA:134,0
DA:135,0
DA:136,0
DA:137,0
DA:139,0
DA:140,0
DA:141,0
DA:142,0
DA:143,0
DA:145,0
DA:146,0
DA:147,0
DA:148,0
DA:149,0
DA:150,0
DA:151,0
DA:152,0
DA:154,0
DA:155,0
DA:156,0
DA:157,0
DA:158,0
DA:160,0
DA:161,0
DA:162,0
DA:163,0
DA:164,0
DA:165,0
DA:166,0
DA:167,0
DA:169,0
DA:170,0
DA:171,0
DA:172,0
DA:173,0
DA:174,0
DA:175,0
DA:176,0
DA:178,0
DA:179,0
DA:180,0
DA:181,0
DA:182,0
DA:183,0
DA:184,0
DA:185,0
DA:186,0
DA:187,0
DA:189,0
DA:190,0
DA:191,0
DA:192,0
DA:193,0
DA:194,0
DA:195,0
DA:196,0
DA:197,0
DA:198,0
DA:199,0
DA:200,0
DA:201,0
DA:203,0
DA:204,0
DA:205,0
DA:206,0
DA:207,0
DA:208,0
DA:209,0
DA:210,0
DA:211,0
DA:212,0
DA:213,0
DA:214,0
DA:216,0
DA:217,0
DA:218,0
DA:219,0
DA:220,0
DA:221,0
DA:222,0
DA:223,0
DA:224,0
DA:225,0
DA:226,0
DA:227,0
DA:228,0
DA:229,0
DA:230,0
DA:231,0
DA:232,0
DA:233,0
DA:234,0
DA:235,0
DA:236,0
DA:237,0
DA:238,0
DA:239,0
DA:240,0
DA:241,0
DA:242,0
DA:243,0
DA:244,0
DA:245,0
DA:246,0
DA:247,0
DA:248,0
DA:249,0
DA:250,0
DA:251,0
DA:252,0
DA:253,0
DA:254,0
DA:255,0
DA:256,0
DA:257,0
DA:258,0
DA:259,0
DA:260,0
DA:261,0
DA:262,0
DA:263,0
DA:264,0
DA:265,0
DA:266,0
DA:267,0
DA:268,0
DA:269,0
DA:270,0
DA:272,0
DA:273,0
DA:274,0
DA:276,0
DA:277,0
DA:279,0
DA:280,0
DA:281,0
DA:282,0
DA:283,0
DA:284,0
DA:285,0
DA:286,0
DA:287,0
DA:288,0
DA:289,0
DA:290,0
DA:291,0
DA:293,0
DA:294,0
DA:295,0
DA:296,0
DA:297,0
DA:298,0
DA:299,0
DA:300,0
DA:301,0
DA:302,0
DA:303,0
DA:304,0
DA:305,0
DA:307,0
DA:308,0
DA:309,0
DA:310,0
DA:311,0
DA:312,0
DA:313,0
DA:314,0
DA:315,0
DA:316,0
DA:317,0
DA:318,0
DA:319,0
DA:321,0
DA:322,0
DA:323,0
DA:324,0
DA:325,0
DA:326,0
DA:327,0
DA:328,0
DA:329,0
DA:330,0
DA:331,0
DA:333,0
DA:334,0
DA:335,0
DA:336,0
DA:337,0
DA:338,0
DA:339,0
DA:340,0
DA:341,0
DA:342,0
DA:343,0
DA:345,0
DA:346,0
DA:347,0
DA:348,0
DA:349,0
DA:350,0
DA:351,0
DA:352,0
DA:353,0
DA:355,0
DA:356,0
DA:357,0
DA:358,0
DA:359,0
DA:360,0
DA:362,0
DA:363,0
DA:364,0
DA:365,0
DA:366,0
LF:277
LH:0
BRDA:1,0,0,0
BRF:1
BRH:0
end_of_record
TN:
SF:src\components\ToastStack.vue
FN:1,(empty-report)
FNF:1
FNH:0
FNDA:0,(empty-report)
DA:1,0
DA:11,0
LF:2
LH:0
BRDA:1,0,0,0
BRF:1
BRH:0
end_of_record
TN:
SF:src\components\accessibleMapHelpers.ts
FN:27,isEnvTruthy
FN:32,buildBaseMapOptions
FN:53,resolveRouteModeFromProfile
FN:59,buildWaypointPayload
FN:80,resolveObstacleSuccessToast
FN:94,formatRouteMetrics
FN:104,extractRouteSummaryMetrics
FN:112,buildHistoryPayload
FN:130,transformCoordsRecursively
FN:144,buildDisplayGeoJson
FN:164,buildShareQrSrc
FN:168,buildExportReportContent
FNF:12
FNH:12
FNDA:4,isEnvTruthy
FNDA:2,buildBaseMapOptions
FNDA:3,resolveRouteModeFromProfile
FNDA:3,buildWaypointPayload
FNDA:3,resolveObstacleSuccessToast
FNDA:2,formatRouteMetrics
FNDA:2,extractRouteSummaryMetrics
FNDA:2,buildHistoryPayload
FNDA:3,transformCoordsRecursively
FNDA:2,buildDisplayGeoJson
FNDA:1,buildShareQrSrc
FNDA:1,buildExportReportContent
DA:27,1
DA:28,4
DA:29,4
DA:30,4
DA:32,1
DA:33,2
DA:34,2
DA:35,2
DA:36,2
DA:37,2
DA:38,2
DA:39,2
DA:40,2
DA:42,2
DA:43,1
DA:44,1
DA:45,1
DA:46,1
DA:47,1
DA:48,1
DA:50,2
DA:51,2
DA:53,1
DA:54,3
DA:55,1
DA:56,2
DA:57,3
DA:59,1
DA:60,3
DA:61,3
DA:62,3
DA:63,3
DA:65,3
DA:66,3
DA:67,3
DA:69,3
DA:70,3
DA:71,3
DA:72,3
DA:73,3
DA:74,3
DA:75,3
DA:76,3
DA:77,3
DA:78,3
DA:80,1
DA:81,3
DA:82,3
DA:83,3
DA:84,3
DA:85,3
DA:86,1
DA:87,1
DA:88,3
DA:89,1
DA:90,1
DA:91,1
DA:92,1
DA:94,1
DA:95,2
DA:96,2
DA:98,2
DA:99,2
DA:101,2
DA:102,2
DA:104,1
DA:105,2
DA:106,2
DA:107,2
DA:108,2
DA:109,2
DA:110,2
DA:112,1
DA:113,2
DA:114,2
DA:115,2
DA:116,2
DA:117,2
DA:118,1
DA:119,1
DA:121,1
DA:122,1
DA:123,1
DA:124,1
DA:125,2
DA:126,2
DA:127,2
DA:128,2
DA:130,3
DA:131,3
DA:132,3
DA:133,3
DA:134,3
DA:135,3
DA:136,2
DA:137,2
DA:138,2
DA:139,2
DA:140,2
DA:141,1
DA:142,1
DA:144,1
DA:145,2
DA:146,2
DA:147,2
DA:148,2
DA:149,2
DA:150,2
DA:151,2
DA:152,1
DA:153,1
DA:155,1
DA:156,1
DA:157,1
DA:158,1
DA:159,1
DA:161,1
DA:162,1
DA:164,1
DA:165,1
DA:166,1
DA:168,1
DA:174,1
DA:175,1
DA:176,1
DA:177,1
DA:179,1
DA:180,1
DA:181,1
DA:182,1
DA:183,1
DA:184,1
DA:185,1
DA:186,1
DA:187,1
LF:135
LH:135
BRDA:27,0,0,4
BRDA:28,1,0,0
BRDA:29,2,0,3
BRDA:29,3,0,3
BRDA:29,4,0,3
BRDA:32,5,0,2
BRDA:42,6,0,1
BRDA:53,7,0,3
BRDA:54,8,0,2
BRDA:54,9,0,1
BRDA:54,10,0,1
BRDA:55,11,0,2
BRDA:59,12,0,3
BRDA:60,13,0,0
BRDA:63,14,0,2
BRDA:63,15,0,1
BRDA:63,16,0,2
BRDA:65,17,0,1
BRDA:66,18,0,1
BRDA:67,19,0,1
BRDA:80,20,0,3
BRDA:84,21,0,1
BRDA:85,22,0,1
BRDA:87,23,0,2
BRDA:88,24,0,1
BRDA:94,25,0,2
BRDA:98,26,0,0
BRDA:99,27,0,0
BRDA:104,28,0,2
BRDA:106,29,0,0
BRDA:107,30,0,0
BRDA:108,31,0,0
BRDA:112,32,0,2
BRDA:117,33,0,1
BRDA:117,34,0,1
BRDA:117,35,0,1
BRDA:117,36,0,1
BRDA:125,37,0,0
BRDA:125,38,0,0
BRDA:126,39,0,0
BRDA:126,40,0,0
BRDA:130,41,0,3
BRDA:134,42,0,0
BRDA:135,43,0,2
BRDA:140,44,0,1
BRDA:141,45,0,2
BRDA:144,46,0,2
BRDA:149,47,0,0
BRDA:151,48,0,1
BRDA:151,49,0,1
BRDA:155,50,0,1
BRDA:164,51,0,1
BRDA:168,52,0,1
BRDA:177,53,0,0
BRDA:185,54,0,0
BRF:55
BRH:40
end_of_record
TN:
SF:src\components\navigationPanelHelpers.ts
FN:7,formatCoordsText
FN:16,formatOffRouteText
FN:22,formatHazardText
FN:31,buildLevelHintText
FNF:4
FNH:4
FNDA:2,formatCoordsText
FNDA:2,formatOffRouteText
FNDA:2,formatHazardText
FNDA:2,buildLevelHintText
DA:7,1
DA:8,2
DA:9,2
DA:10,1
DA:11,1
DA:12,2
DA:13,1
DA:14,1
DA:16,1
DA:17,2
DA:18,2
DA:19,1
DA:20,1
DA:22,1
DA:23,2
DA:24,2
DA:25,2
DA:26,2
DA:27,2
DA:28,2
DA:29,2
DA:31,1
DA:32,2
DA:33,2
DA:34,2
DA:35,2
DA:36,2
DA:37,2
DA:38,1
DA:39,1
DA:41,2
DA:42,2
DA:43,2
DA:44,2
DA:45,2
DA:46,2
DA:47,2
LF:37
LH:37
BRDA:7,0,0,2
BRDA:9,1,0,1
BRDA:12,2,0,0
BRDA:12,3,0,1
BRDA:16,4,0,2
BRDA:18,5,0,1
BRDA:22,6,0,2
BRDA:24,7,0,1
BRDA:25,8,0,0
BRDA:25,9,0,0
BRDA:27,10,0,1
BRDA:27,11,0,0
BRDA:31,12,0,2
BRDA:37,13,0,1
BRDA:41,14,0,0
BRDA:45,15,0,0
BRF:16
BRH:10
end_of_record
TN:
SF:src\components\settingsPanelHelpers.ts
FN:18,buildDefaultAccessibilityProfile
FN:28,normalizeAccessibilityProfile
FN:43,buildDefaultVoicePolicy
FN:54,clamp
FN:62,normalizeVoicePolicy
FNF:5
FNH:5
FNDA:2,buildDefaultAccessibilityProfile
FNDA:1,normalizeAccessibilityProfile
FNDA:2,buildDefaultVoicePolicy
FNDA:3,clamp
FNDA:1,normalizeVoicePolicy
DA:18,1
DA:19,2
DA:20,2
DA:21,2
DA:22,2
DA:23,2
DA:24,2
DA:25,2
DA:26,2
DA:28,1
DA:29,1
DA:30,1
DA:32,1
DA:33,1
DA:34,1
DA:35,1
DA:36,1
DA:37,1
DA:38,1
DA:39,1
DA:40,1
DA:41,1
DA:43,1
DA:44,2
DA:45,2
DA:46,2
DA:47,2
DA:48,2
DA:49,2
DA:50,2
DA:51,2
DA:52,2
DA:54,3
DA:55,3
DA:56,3
DA:57,3
DA:58,3
DA:59,1
DA:60,1
DA:62,1
DA:63,1
DA:64,1
DA:66,1
DA:67,1
DA:68,1
DA:69,1
DA:70,1
DA:71,1
DA:72,1
DA:73,1
DA:74,1
DA:75,1
LF:52
LH:52
BRDA:18,0,0,2
BRDA:28,1,0,1
BRDA:30,2,0,0
BRDA:35,3,0,0
BRDA:39,4,0,0
BRDA:43,5,0,2
BRDA:54,6,0,3
BRDA:56,7,0,0
BRDA:57,8,0,1
BRDA:57,9,0,2
BRDA:58,10,0,1
BRDA:62,11,0,1
BRDA:64,12,0,0
BRDA:71,13,0,0
BRDA:72,14,0,0
BRF:15
BRH:8
end_of_record
TN:
SF:src\composables\mapDeps.ts
FN:1,(empty-report)
FNF:1
FNH:1
FNDA:1,(empty-report)
DA:3,0
DA:5,0
DA:6,0
DA:7,0
DA:8,0
DA:9,0
DA:10,0
DA:11,0
DA:12,0
DA:13,0
DA:14,0
DA:15,0
LF:12
LH:0
BRDA:1,0,0,1
BRF:1
BRH:1
end_of_record
TN:
SF:src\composables\useBaseMapStyle.ts
FN:1,(empty-report)
FNF:1
FNH:0
FNDA:0,(empty-report)
DA:1,0
DA:25,0
DA:26,0
DA:27,0
DA:29,0
DA:30,0
DA:31,0
DA:32,0
DA:33,0
DA:34,0
DA:35,0
DA:36,0
DA:37,0
DA:38,0
DA:39,0
DA:40,0
DA:41,0
DA:42,0
DA:43,0
DA:45,0
DA:46,0
DA:47,0
DA:48,0
DA:49,0
DA:50,0
DA:51,0
DA:52,0
DA:53,0
DA:54,0
DA:55,0
DA:56,0
DA:57,0
DA:58,0
DA:59,0
DA:60,0
DA:61,0
DA:62,0
DA:63,0
DA:64,0
DA:65,0
DA:66,0
DA:67,0
DA:68,0
DA:69,0
DA:71,0
DA:72,0
DA:73,0
DA:74,0
DA:75,0
DA:76,0
DA:77,0
DA:78,0
DA:79,0
DA:80,0
DA:81,0
DA:82,0
DA:83,0
DA:84,0
DA:86,0
DA:87,0
DA:88,0
DA:89,0
DA:91,0
DA:92,0
DA:93,0
DA:94,0
DA:95,0
DA:96,0
DA:98,0
DA:99,0
DA:100,0
DA:102,0
DA:103,0
DA:104,0
DA:105,0
DA:106,0
DA:107,0
DA:108,0
DA:109,0
DA:110,0
DA:111,0
DA:113,0
DA:114,0
DA:115,0
DA:116,0
DA:117,0
DA:118,0
DA:119,0
DA:120,0
DA:122,0
DA:124,0
DA:125,0
DA:126,0
DA:127,0
DA:128,0
DA:129,0
DA:130,0
DA:132,0
DA:133,0
DA:134,0
DA:135,0
DA:137,0
DA:138,0
DA:139,0
DA:140,0
DA:142,0
DA:143,0
DA:144,0
DA:145,0
DA:147,0
DA:148,0
DA:149,0
DA:150,0
DA:151,0
DA:152,0
DA:153,0
DA:154,0
DA:156,0
DA:157,0
DA:158,0
DA:160,0
DA:161,0
DA:162,0
DA:163,0
DA:164,0
DA:165,0
DA:166,0
DA:167,0
DA:168,0
DA:169,0
DA:170,0
DA:171,0
DA:172,0
DA:174,0
DA:175,0
DA:176,0
DA:177,0
DA:179,0
DA:180,0
DA:181,0
DA:183,0
DA:184,0
DA:185,0
DA:186,0
DA:187,0
DA:188,0
DA:189,0
DA:191,0
DA:192,0
DA:193,0
LF:150
LH:0
BRDA:1,0,0,0
BRF:1
BRH:0
end_of_record
TN:
SF:src\composables\useClientErrorReporting.ts
FN:1,(empty-report)
FNF:1
FNH:0
FNDA:0,(empty-report)
DA:1,0
DA:21,0
DA:22,0
DA:23,0
DA:24,0
DA:25,0
DA:27,0
DA:28,0
DA:29,0
DA:30,0
DA:31,0
DA:33,0
DA:34,0
DA:35,0
DA:36,0
DA:37,0
DA:38,0
DA:39,0
DA:40,0
DA:41,0
DA:42,0
DA:43,0
DA:44,0
DA:45,0
DA:46,0
DA:47,0
DA:48,0
DA:49,0
DA:51,0
DA:52,0
DA:54,0
DA:55,0
DA:56,0
DA:57,0
DA:58,0
DA:60,0
DA:61,0
DA:62,0
DA:63,0
DA:64,0
DA:65,0
DA:66,0
DA:67,0
DA:69,0
DA:70,0
DA:71,0
DA:72,0
DA:73,0
DA:74,0
DA:75,0
DA:76,0
DA:77,0
DA:78,0
DA:80,0
DA:81,0
DA:82,0
DA:83,0
DA:85,0
DA:86,0
DA:87,0
DA:88,0
DA:90,0
DA:91,0
DA:92,0
DA:93,0
DA:94,0
DA:95,0
DA:96,0
DA:97,0
LF:69
LH:0
BRDA:1,0,0,0
BRF:1
BRH:0
end_of_record
TN:
SF:src\composables\useFavoritesStorage.ts
FN:1,(empty-report)
FNF:1
FNH:0
FNDA:0,(empty-report)
DA:1,0
DA:32,0
DA:33,0
DA:34,0
DA:35,0
DA:36,0
DA:37,0
DA:38,0
DA:40,0
DA:41,0
DA:42,0
DA:44,0
DA:45,0
DA:46,0
DA:47,0
DA:48,0
DA:49,0
DA:51,0
DA:52,0
DA:53,0
DA:54,0
DA:55,0
DA:56,0
DA:57,0
DA:58,0
DA:60,0
DA:61,0
DA:62,0
DA:63,0
DA:64,0
DA:65,0
DA:66,0
DA:67,0
DA:68,0
DA:69,0
DA:71,0
DA:72,0
DA:74,0
DA:75,0
DA:76,0
DA:77,0
DA:79,0
DA:80,0
DA:81,0
DA:82,0
DA:83,0
DA:84,0
DA:86,0
DA:87,0
DA:88,0
DA:89,0
DA:90,0
DA:91,0
DA:93,0
DA:94,0
DA:95,0
DA:96,0
DA:97,0
DA:98,0
DA:100,0
DA:101,0
DA:102,0
DA:104,0
DA:105,0
DA:106,0
DA:108,0
DA:109,0
DA:110,0
DA:111,0
DA:112,0
DA:114,0
DA:115,0
DA:116,0
DA:117,0
DA:118,0
DA:119,0
DA:120,0
DA:121,0
DA:122,0
DA:123,0
DA:124,0
DA:126,0
DA:127,0
DA:128,0
DA:130,0
DA:131,0
DA:132,0
DA:134,0
DA:135,0
DA:136,0
DA:137,0
DA:138,0
DA:140,0
DA:141,0
DA:142,0
DA:143,0
DA:144,0
DA:145,0
DA:146,0
DA:148,0
DA:149,0
DA:150,0
DA:151,0
DA:153,0
DA:154,0
DA:156,0
DA:157,0
DA:158,0
DA:160,0
DA:161,0
DA:162,0
DA:163,0
DA:164,0
DA:165,0
DA:166,0
DA:167,0
DA:169,0
DA:170,0
DA:171,0
DA:172,0
DA:174,0
DA:175,0
DA:176,0
DA:177,0
DA:178,0
DA:179,0
DA:180,0
LF:127
LH:0
BRDA:1,0,0,0
BRF:1
BRH:0
end_of_record
TN:
SF:src\config\authConfig.ts
FN:22,parseIntegerEnv
FN:38,parseBooleanEnv
FN:52,resolveAuthConfig
FNF:3
FNH:3
FNDA:40,parseIntegerEnv
FNDA:10,parseBooleanEnv
FNDA:10,resolveAuthConfig
DA:14,1
DA:15,1
DA:16,1
DA:17,1
DA:18,1
DA:19,1
DA:20,1
DA:22,40
DA:23,40
DA:24,40
DA:25,40
DA:26,40
DA:28,0
DA:29,40
DA:30,0
DA:31,0
DA:32,40
DA:33,0
DA:34,0
DA:35,0
DA:36,0
DA:38,10
DA:39,10
DA:40,10
DA:41,10
DA:42,0
DA:43,0
DA:44,0
DA:45,0
DA:46,0
DA:47,0
DA:48,0
DA:49,0
DA:50,0
DA:52,10
DA:53,10
DA:54,10
DA:55,10
DA:56,10
DA:57,10
DA:58,10
DA:59,10
DA:60,10
DA:61,10
DA:62,10
DA:63,10
DA:64,10
DA:65,10
DA:66,10
DA:67,10
DA:68,10
DA:69,10
DA:70,10
DA:71,10
DA:72,10
DA:73,10
DA:74,10
DA:75,10
DA:76,10
DA:77,10
DA:78,10
DA:79,10
DA:80,10
DA:81,10
DA:82,10
DA:83,10
DA:85,1
LF:67
LH:51
BRDA:22,0,0,40
BRDA:26,1,0,0
BRDA:29,2,0,0
BRDA:32,3,0,0
BRDA:38,4,0,10
BRDA:39,5,0,0
BRDA:41,6,0,0
BRDA:52,7,0,10
BRF:8
BRH:3
end_of_record
TN:
SF:src\locales\en-US.js
FN:1,(empty-report)
FNF:1
FNH:0
FNDA:0,(empty-report)
DA:1,0
DA:2,0
DA:3,0
DA:4,0
DA:5,0
DA:6,0
DA:7,0
DA:8,0
DA:9,0
DA:10,0
DA:11,0
DA:12,0
DA:13,0
DA:14,0
DA:15,0
DA:16,0
DA:17,0
DA:18,0
DA:19,0
DA:20,0
DA:21,0
DA:22,0
DA:23,0
DA:24,0
DA:25,0
DA:26,0
DA:27,0
DA:28,0
DA:29,0
DA:30,0
DA:31,0
DA:32,0
DA:33,0
DA:34,0
DA:35,0
DA:36,0
DA:37,0
DA:38,0
DA:39,0
DA:40,0
DA:41,0
DA:42,0
DA:43,0
DA:44,0
DA:45,0
DA:46,0
DA:47,0
DA:48,0
DA:49,0
DA:50,0
DA:51,0
DA:52,0
DA:53,0
DA:54,0
DA:55,0
DA:56,0
DA:57,0
DA:58,0
DA:59,0
DA:60,0
DA:61,0
DA:62,0
DA:63,0
DA:64,0
DA:65,0
DA:66,0
DA:67,0
DA:68,0
DA:69,0
DA:70,0
DA:71,0
DA:72,0
DA:73,0
DA:74,0
DA:75,0
DA:76,0
DA:77,0
DA:78,0
DA:79,0
DA:80,0
DA:81,0
DA:82,0
DA:83,0
DA:84,0
DA:85,0
DA:86,0
DA:87,0
DA:88,0
DA:89,0
DA:90,0
DA:91,0
DA:92,0
DA:93,0
DA:94,0
DA:95,0
DA:96,0
DA:97,0
DA:98,0
DA:99,0
DA:100,0
DA:101,0
DA:102,0
DA:103,0
DA:104,0
DA:105,0
DA:106,0
DA:107,0
DA:108,0
DA:109,0
DA:110,0
DA:111,0
DA:112,0
DA:113,0
DA:114,0
DA:115,0
DA:116,0
DA:117,0
DA:118,0
DA:119,0
DA:120,0
DA:121,0
DA:122,0
DA:123,0
DA:124,0
DA:125,0
DA:126,0
DA:127,0
DA:128,0
DA:129,0
DA:130,0
DA:131,0
DA:132,0
DA:133,0
DA:134,0
DA:135,0
DA:136,0
DA:137,0
DA:138,0
DA:139,0
DA:140,0
DA:141,0
DA:142,0
DA:143,0
DA:144,0
DA:145,0
DA:146,0
DA:147,0
DA:148,0
DA:149,0
DA:150,0
DA:151,0
DA:152,0
DA:153,0
DA:154,0
DA:155,0
DA:156,0
DA:157,0
DA:158,0
DA:159,0
DA:160,0
DA:161,0
DA:162,0
DA:163,0
DA:164,0
DA:165,0
DA:166,0
DA:167,0
DA:168,0
DA:169,0
DA:170,0
DA:171,0
DA:172,0
DA:173,0
DA:174,0
DA:175,0
DA:176,0
DA:177,0
DA:178,0
DA:179,0
DA:180,0
DA:181,0
DA:182,0
DA:183,0
DA:184,0
DA:185,0
DA:186,0
DA:187,0
DA:188,0
DA:189,0
DA:190,0
DA:191,0
DA:192,0
DA:193,0
DA:194,0
DA:195,0
DA:196,0
DA:197,0
DA:198,0
DA:199,0
DA:200,0
DA:201,0
DA:202,0
DA:203,0
DA:204,0
DA:205,0
DA:206,0
DA:207,0
DA:208,0
DA:209,0
DA:210,0
DA:211,0
DA:212,0
DA:213,0
DA:214,0
DA:215,0
DA:216,0
DA:217,0
DA:218,0
DA:219,0
DA:220,0
DA:221,0
DA:222,0
DA:223,0
DA:224,0
DA:225,0
DA:226,0
DA:227,0
DA:228,0
DA:229,0
DA:230,0
DA:231,0
DA:232,0
DA:233,0
DA:234,0
DA:235,0
DA:236,0
DA:237,0
DA:238,0
DA:239,0
DA:240,0
DA:241,0
DA:242,0
DA:243,0
DA:244,0
DA:245,0
DA:246,0
DA:247,0
DA:248,0
DA:249,0
DA:250,0
DA:251,0
DA:252,0
DA:253,0
DA:254,0
DA:255,0
DA:256,0
DA:257,0
DA:258,0
DA:259,0
DA:260,0
DA:261,0
DA:262,0
DA:263,0
DA:264,0
DA:265,0
DA:266,0
DA:267,0
DA:268,0
DA:269,0
DA:270,0
DA:271,0
DA:272,0
DA:273,0
DA:274,0
DA:275,0
DA:276,0
DA:277,0
DA:278,0
DA:279,0
DA:280,0
DA:281,0
DA:282,0
DA:283,0
DA:284,0
DA:285,0
DA:286,0
DA:287,0
DA:288,0
DA:289,0
DA:290,0
DA:291,0
DA:292,0
DA:293,0
DA:294,0
DA:295,0
DA:296,0
DA:297,0
DA:298,0
DA:299,0
DA:300,0
DA:301,0
DA:302,0
DA:303,0
DA:304,0
DA:305,0
DA:306,0
DA:307,0
DA:308,0
DA:309,0
DA:310,0
DA:311,0
DA:312,0
DA:313,0
DA:314,0
DA:315,0
DA:316,0
DA:317,0
DA:318,0
DA:319,0
DA:320,0
DA:321,0
DA:322,0
DA:323,0
DA:324,0
DA:325,0
DA:326,0
DA:327,0
DA:328,0
DA:329,0
DA:330,0
DA:331,0
DA:332,0
DA:333,0
DA:334,0
DA:335,0
DA:336,0
DA:337,0
DA:338,0
DA:339,0
DA:340,0
DA:341,0
DA:342,0
DA:343,0
DA:344,0
DA:345,0
DA:346,0
DA:347,0
DA:348,0
DA:349,0
DA:350,0
DA:351,0
DA:352,0
DA:353,0
DA:354,0
DA:355,0
DA:356,0
DA:357,0
DA:358,0
DA:359,0
DA:360,0
DA:361,0
DA:362,0
DA:363,0
DA:364,0
DA:365,0
DA:366,0
DA:367,0
DA:368,0
DA:369,0
DA:370,0
DA:371,0
DA:372,0
DA:373,0
DA:374,0
DA:375,0
DA:376,0
DA:377,0
DA:378,0
DA:379,0
DA:380,0
DA:381,0
DA:382,0
DA:383,0
DA:384,0
DA:385,0
DA:386,0
DA:387,0
DA:388,0
DA:389,0
DA:390,0
DA:391,0
DA:392,0
DA:393,0
DA:394,0
DA:395,0
DA:396,0
DA:397,0
DA:398,0
DA:399,0
DA:400,0
DA:401,0
DA:402,0
DA:403,0
DA:404,0
DA:405,0
DA:406,0
DA:407,0
DA:408,0
DA:409,0
DA:410,0
DA:411,0
DA:412,0
DA:413,0
DA:414,0
DA:415,0
DA:416,0
DA:417,0
DA:418,0
DA:419,0
DA:420,0
DA:421,0
DA:422,0
DA:423,0
DA:424,0
DA:425,0
DA:426,0
DA:427,0
DA:428,0
DA:429,0
DA:430,0
DA:431,0
DA:432,0
DA:433,0
DA:434,0
DA:435,0
DA:436,0
DA:437,0
DA:438,0
DA:439,0
DA:440,0
DA:441,0
DA:442,0
DA:443,0
DA:444,0
DA:445,0
DA:446,0
DA:447,0
DA:448,0
DA:449,0
DA:450,0
DA:451,0
DA:452,0
DA:453,0
DA:454,0
DA:455,0
DA:456,0
DA:457,0
DA:458,0
DA:459,0
DA:460,0
DA:461,0
DA:462,0
DA:463,0
DA:464,0
DA:465,0
DA:466,0
DA:467,0
DA:468,0
DA:469,0
DA:470,0
DA:471,0
LF:471
LH:0
BRDA:1,0,0,0
BRF:1
BRH:0
end_of_record
TN:
SF:src\locales\index.ts
FN:1,(empty-report)
FNF:1
FNH:0
FNDA:0,(empty-report)
DA:1,0
DA:6,0
DA:8,0
DA:9,0
DA:10,0
DA:14,0
DA:15,0
DA:16,0
DA:18,0
DA:19,0
DA:20,0
DA:21,0
DA:22,0
DA:24,0
DA:25,0
DA:26,0
DA:27,0
DA:28,0
DA:29,0
DA:30,0
DA:32,0
DA:33,0
DA:34,0
DA:35,0
DA:36,0
DA:37,0
DA:38,0
DA:39,0
DA:40,0
DA:41,0
DA:42,0
DA:44,0
DA:45,0
DA:46,0
DA:47,0
DA:48,0
DA:50,0
DA:51,0
DA:52,0
DA:53,0
DA:54,0
DA:55,0
DA:57,0
DA:58,0
DA:59,0
DA:61,0
DA:62,0
DA:63,0
DA:65,0
DA:67,0
LF:50
LH:0
BRDA:1,0,0,0
BRF:1
BRH:0
end_of_record
TN:
SF:src\locales\zh-CN.js
FN:1,(empty-report)
FNF:1
FNH:0
FNDA:0,(empty-report)
DA:1,0
DA:2,0
DA:3,0
DA:4,0
DA:5,0
DA:6,0
DA:7,0
DA:8,0
DA:9,0
DA:10,0
DA:11,0
DA:12,0
DA:13,0
DA:14,0
DA:15,0
DA:16,0
DA:17,0
DA:18,0
DA:19,0
DA:20,0
DA:21,0
DA:22,0
DA:23,0
DA:24,0
DA:25,0
DA:26,0
DA:27,0
DA:28,0
DA:29,0
DA:30,0
DA:31,0
DA:32,0
DA:33,0
DA:34,0
DA:35,0
DA:36,0
DA:37,0
DA:38,0
DA:39,0
DA:40,0
DA:41,0
DA:42,0
DA:43,0
DA:44,0
DA:45,0
DA:46,0
DA:47,0
DA:48,0
DA:49,0
DA:50,0
DA:51,0
DA:52,0
DA:53,0
DA:54,0
DA:55,0
DA:56,0
DA:57,0
DA:58,0
DA:59,0
DA:60,0
DA:61,0
DA:62,0
DA:63,0
DA:64,0
DA:65,0
DA:66,0
DA:67,0
DA:68,0
DA:69,0
DA:70,0
DA:71,0
DA:72,0
DA:73,0
DA:74,0
DA:75,0
DA:76,0
DA:77,0
DA:78,0
DA:79,0
DA:80,0
DA:81,0
DA:82,0
DA:83,0
DA:84,0
DA:85,0
DA:86,0
DA:87,0
DA:88,0
DA:89,0
DA:90,0
DA:91,0
DA:92,0
DA:93,0
DA:94,0
DA:95,0
DA:96,0
DA:97,0
DA:98,0
DA:99,0
DA:100,0
DA:101,0
DA:102,0
DA:103,0
DA:104,0
DA:105,0
DA:106,0
DA:107,0
DA:108,0
DA:109,0
DA:110,0
DA:111,0
DA:112,0
DA:113,0
DA:114,0
DA:115,0
DA:116,0
DA:117,0
DA:118,0
DA:119,0
DA:120,0
DA:121,0
DA:122,0
DA:123,0
DA:124,0
DA:125,0
DA:126,0
DA:127,0
DA:128,0
DA:129,0
DA:130,0
DA:131,0
DA:132,0
DA:133,0
DA:134,0
DA:135,0
DA:136,0
DA:137,0
DA:138,0
DA:139,0
DA:140,0
DA:141,0
DA:142,0
DA:143,0
DA:144,0
DA:145,0
DA:146,0
DA:147,0
DA:148,0
DA:149,0
DA:150,0
DA:151,0
DA:152,0
DA:153,0
DA:154,0
DA:155,0
DA:156,0
DA:157,0
DA:158,0
DA:159,0
DA:160,0
DA:161,0
DA:162,0
DA:163,0
DA:164,0
DA:165,0
DA:166,0
DA:167,0
DA:168,0
DA:169,0
DA:170,0
DA:171,0
DA:172,0
DA:173,0
DA:174,0
DA:175,0
DA:176,0
DA:177,0
DA:178,0
DA:179,0
DA:180,0
DA:181,0
DA:182,0
DA:183,0
DA:184,0
DA:185,0
DA:186,0
DA:187,0
DA:188,0
DA:189,0
DA:190,0
DA:191,0
DA:192,0
DA:193,0
DA:194,0
DA:195,0
DA:196,0
DA:197,0
DA:198,0
DA:199,0
DA:200,0
DA:201,0
DA:202,0
DA:203,0
DA:204,0
DA:205,0
DA:206,0
DA:207,0
DA:208,0
DA:209,0
DA:210,0
DA:211,0
DA:212,0
DA:213,0
DA:214,0
DA:215,0
DA:216,0
DA:217,0
DA:218,0
DA:219,0
DA:220,0
DA:221,0
DA:222,0
DA:223,0
DA:224,0
DA:225,0
DA:226,0
DA:227,0
DA:228,0
DA:229,0
DA:230,0
DA:231,0
DA:232,0
DA:233,0
DA:234,0
DA:235,0
DA:236,0
DA:237,0
DA:238,0
DA:239,0
DA:240,0
DA:241,0
DA:242,0
DA:243,0
DA:244,0
DA:245,0
DA:246,0
DA:247,0
DA:248,0
DA:249,0
DA:250,0
DA:251,0
DA:252,0
DA:253,0
DA:254,0
DA:255,0
DA:256,0
DA:257,0
DA:258,0
DA:259,0
DA:260,0
DA:261,0
DA:262,0
DA:263,0
DA:264,0
DA:265,0
DA:266,0
DA:267,0
DA:268,0
DA:269,0
DA:270,0
DA:271,0
DA:272,0
DA:273,0
DA:274,0
DA:275,0
DA:276,0
DA:277,0
DA:278,0
DA:279,0
DA:280,0
DA:281,0
DA:282,0
DA:283,0
DA:284,0
DA:285,0
DA:286,0
DA:287,0
DA:288,0
DA:289,0
DA:290,0
DA:291,0
DA:292,0
DA:293,0
DA:294,0
DA:295,0
DA:296,0
DA:297,0
DA:298,0
DA:299,0
DA:300,0
DA:301,0
DA:302,0
DA:303,0
DA:304,0
DA:305,0
DA:306,0
DA:307,0
DA:308,0
DA:309,0
DA:310,0
DA:311,0
DA:312,0
DA:313,0
DA:314,0
DA:315,0
DA:316,0
DA:317,0
DA:318,0
DA:319,0
DA:320,0
DA:321,0
DA:322,0
DA:323,0
DA:324,0
DA:325,0
DA:326,0
DA:327,0
DA:328,0
DA:329,0
DA:330,0
DA:331,0
DA:332,0
DA:333,0
DA:334,0
DA:335,0
DA:336,0
DA:337,0
DA:338,0
DA:339,0
DA:340,0
DA:341,0
DA:342,0
DA:343,0
DA:344,0
DA:345,0
DA:346,0
DA:347,0
DA:348,0
DA:349,0
DA:350,0
DA:351,0
DA:352,0
DA:353,0
DA:354,0
DA:355,0
DA:356,0
DA:357,0
DA:358,0
DA:359,0
DA:360,0
DA:361,0
DA:362,0
DA:363,0
DA:364,0
DA:365,0
DA:366,0
DA:367,0
DA:368,0
DA:369,0
DA:370,0
DA:371,0
DA:372,0
DA:373,0
DA:374,0
DA:375,0
DA:376,0
DA:377,0
DA:378,0
DA:379,0
DA:380,0
DA:381,0
DA:382,0
DA:383,0
DA:384,0
DA:385,0
DA:386,0
DA:387,0
DA:388,0
DA:389,0
DA:390,0
DA:391,0
DA:392,0
DA:393,0
DA:394,0
DA:395,0
DA:396,0
DA:397,0
DA:398,0
DA:399,0
DA:400,0
DA:401,0
DA:402,0
DA:403,0
DA:404,0
DA:405,0
DA:406,0
DA:407,0
DA:408,0
DA:409,0
DA:410,0
DA:411,0
DA:412,0
DA:413,0
DA:414,0
DA:415,0
DA:416,0
DA:417,0
DA:418,0
DA:419,0
DA:420,0
DA:421,0
DA:422,0
DA:423,0
DA:424,0
DA:425,0
DA:426,0
DA:427,0
DA:428,0
DA:429,0
DA:430,0
DA:431,0
DA:432,0
DA:433,0
DA:434,0
DA:435,0
DA:436,0
DA:437,0
DA:438,0
DA:439,0
DA:440,0
DA:441,0
DA:442,0
DA:443,0
DA:444,0
DA:445,0
DA:446,0
DA:447,0
DA:448,0
DA:449,0
DA:450,0
DA:451,0
DA:452,0
DA:453,0
DA:454,0
DA:455,0
DA:456,0
DA:457,0
DA:458,0
DA:459,0
DA:460,0
DA:461,0
DA:462,0
DA:463,0
DA:464,0
DA:465,0
DA:466,0
DA:467,0
DA:468,0
DA:469,0
DA:470,0
DA:471,0
LF:471
LH:0
BRDA:1,0,0,0
BRF:1
BRH:0
end_of_record
TN:
SF:src\pages\AdminPage.vue
FN:1,(empty-report)
FNF:1
FNH:0
FNDA:0,(empty-report)
DA:1,0
DA:2,0
DA:6,0
LF:3
LH:0
BRDA:1,0,0,0
BRF:1
BRH:0
end_of_record
TN:
SF:src\pages\LoginPage.vue
FN:1,(empty-report)
FNF:1
FNH:0
FNDA:0,(empty-report)
DA:1,0
DA:2,0
DA:3,0
DA:4,0
DA:5,0
DA:7,0
DA:9,0
DA:10,0
DA:12,0
DA:13,0
DA:14,0
DA:15,0
DA:17,0
DA:19,0
DA:20,0
DA:22,0
DA:23,0
DA:24,0
DA:26,0
DA:27,0
DA:28,0
DA:29,0
DA:30,0
DA:31,0
DA:32,0
DA:33,0
DA:35,0
DA:36,0
DA:37,0
DA:38,0
DA:39,0
DA:40,0
DA:41,0
DA:42,0
DA:44,0
DA:45,0
DA:46,0
DA:47,0
DA:48,0
DA:49,0
DA:51,0
DA:52,0
DA:53,0
DA:54,0
DA:55,0
DA:56,0
DA:57,0
DA:59,0
DA:60,0
DA:61,0
DA:62,0
DA:64,0
DA:65,0
DA:66,0
DA:68,0
DA:69,0
DA:70,0
DA:71,0
DA:72,0
DA:73,0
DA:74,0
DA:75,0
DA:76,0
DA:77,0
DA:78,0
DA:79,0
DA:80,0
DA:81,0
DA:82,0
DA:83,0
DA:84,0
DA:85,0
DA:86,0
DA:87,0
DA:88,0
DA:89,0
DA:91,0
DA:92,0
DA:93,0
DA:94,0
DA:98,0
DA:99,0
DA:100,0
DA:101,0
DA:102,0
DA:103,0
DA:104,0
DA:105,0
DA:106,0
DA:107,0
DA:108,0
DA:109,0
DA:110,0
DA:111,0
DA:112,0
DA:113,0
DA:114,0
DA:115,0
DA:116,0
DA:117,0
DA:118,0
DA:119,0
DA:120,0
DA:121,0
DA:122,0
DA:123,0
DA:125,0
DA:126,0
DA:127,0
DA:128,0
DA:130,0
DA:131,0
DA:132,0
DA:133,0
DA:134,0
DA:135,0
DA:136,0
DA:137,0
DA:138,0
DA:139,0
DA:140,0
DA:141,0
DA:142,0
DA:143,0
DA:144,0
DA:145,0
DA:146,0
DA:147,0
DA:148,0
DA:149,0
DA:150,0
DA:151,0
DA:152,0
DA:153,0
DA:154,0
DA:156,0
DA:157,0
DA:158,0
DA:159,0
DA:160,0
DA:161,0
DA:162,0
DA:163,0
DA:164,0
DA:165,0
DA:167,0
DA:168,0
DA:169,0
DA:171,0
DA:172,0
DA:173,0
DA:174,0
DA:175,0
DA:176,0
DA:177,0
DA:179,0
DA:180,0
DA:181,0
DA:182,0
DA:183,0
DA:184,0
DA:185,0
DA:187,0
DA:188,0
DA:189,0
DA:190,0
LF:166
LH:0
BRDA:1,0,0,0
BRF:1
BRH:0
end_of_record
TN:
SF:src\pages\RegisterPage.vue
FN:1,(empty-report)
FNF:1
FNH:0
FNDA:0,(empty-report)
DA:1,0
DA:2,0
DA:3,0
DA:4,0
DA:6,0
DA:8,0
DA:9,0
DA:10,0
DA:11,0
DA:12,0
DA:14,0
DA:16,0
DA:17,0
DA:18,0
DA:19,0
DA:20,0
DA:21,0
DA:22,0
DA:23,0
DA:24,0
DA:25,0
DA:26,0
DA:27,0
DA:28,0
DA:29,0
DA:30,0
DA:31,0
DA:32,0
DA:33,0
DA:34,0
DA:35,0
DA:36,0
DA:37,0
DA:38,0
DA:39,0
DA:40,0
DA:41,0
DA:42,0
DA:46,0
DA:47,0
DA:48,0
DA:49,0
DA:50,0
DA:51,0
DA:52,0
DA:53,0
DA:54,0
DA:55,0
DA:56,0
DA:57,0
DA:58,0
DA:59,0
DA:60,0
DA:61,0
DA:62,0
DA:63,0
DA:64,0
DA:65,0
DA:66,0
DA:67,0
DA:68,0
DA:69,0
DA:70,0
DA:71,0
DA:73,0
DA:74,0
DA:75,0
DA:76,0
DA:78,0
DA:79,0
DA:80,0
DA:81,0
DA:82,0
DA:83,0
DA:84,0
DA:85,0
DA:86,0
DA:87,0
DA:88,0
DA:89,0
DA:90,0
DA:91,0
DA:92,0
DA:93,0
DA:94,0
DA:95,0
DA:96,0
DA:97,0
DA:98,0
DA:99,0
DA:100,0
DA:101,0
DA:102,0
DA:104,0
DA:105,0
DA:106,0
DA:107,0
DA:108,0
DA:109,0
DA:110,0
DA:111,0
DA:112,0
DA:114,0
DA:115,0
DA:116,0
DA:117,0
DA:118,0
LF:107
LH:0
BRDA:1,0,0,0
BRF:1
BRH:0
end_of_record
TN:
SF:src\pages\UserPage.vue
FN:1,(empty-report)
FNF:1
FNH:0
FNDA:0,(empty-report)
DA:1,0
DA:2,0
DA:6,0
LF:3
LH:0
BRDA:1,0,0,0
BRF:1
BRH:0
end_of_record
TN:
SF:src\router\index.ts
FN:1,(empty-report)
FNF:1
FNH:0
FNDA:0,(empty-report)
DA:1,0
DA:2,0
DA:4,0
DA:5,0
DA:6,0
DA:7,0
DA:9,0
DA:10,0
DA:11,0
DA:12,0
DA:13,0
DA:14,0
DA:15,0
DA:16,0
DA:17,0
DA:18,0
DA:19,0
DA:21,0
DA:22,0
DA:23,0
DA:24,0
DA:26,0
DA:27,0
DA:28,0
DA:29,0
DA:30,0
DA:32,0
DA:33,0
DA:35,0
DA:36,0
DA:37,0
DA:38,0
DA:40,0
DA:41,0
DA:42,0
DA:43,0
DA:44,0
DA:45,0
DA:46,0
DA:47,0
DA:48,0
DA:49,0
DA:50,0
DA:51,0
DA:52,0
DA:53,0
DA:55,0
DA:56,0
DA:58,0
LF:49
LH:0
BRDA:1,0,0,0
BRF:1
BRH:0
end_of_record
TN:
SF:src\services\apiService.ts
FN:9,<instance_members_initializer>
FN:13,ApiError
FN:22,getToken
FN:26,updateToken
FN:48,handleTokenRefresh
FN:58,shouldClearAuthSession
FN:71,apiRequest
FN:92,apiGet
FN:96,apiPost
FN:104,apiPut
FN:112,apiDelete
FN:116,apiJson
FNF:12
FNH:3
FNDA:0,<instance_members_initializer>
FNDA:0,ApiError
FNDA:0,getToken
FNDA:0,updateToken
FNDA:3,handleTokenRefresh
FNDA:0,shouldClearAuthSession
FNDA:3,apiRequest
FNDA:0,apiGet
FNDA:0,apiPost
FNDA:0,apiPut
FNDA:0,apiDelete
FNDA:3,apiJson
DA:1,1
DA:4,1
DA:5,1
DA:6,1
DA:8,1
DA:9,1
DA:10,0
DA:11,0
DA:13,1
DA:14,0
DA:15,0
DA:16,0
DA:17,0
DA:18,0
DA:19,0
DA:20,1
DA:22,0
DA:23,0
DA:24,0
DA:26,0
DA:27,0
DA:28,0
DA:29,0
DA:30,0
DA:31,0
DA:32,0
DA:33,0
DA:34,0
DA:35,0
DA:36,0
DA:38,0
DA:39,0
DA:40,0
DA:41,0
DA:42,0
DA:43,0
DA:44,0
DA:45,0
DA:46,0
DA:48,3
DA:49,3
DA:50,3
DA:51,0
DA:52,0
DA:53,0
DA:54,0
DA:55,0
DA:56,3
DA:58,0
DA:59,0
DA:60,0
DA:61,0
DA:62,0
DA:63,0
DA:64,0
DA:65,0
DA:66,0
DA:67,0
DA:68,0
DA:69,0
DA:71,3
DA:72,3
DA:73,3
DA:75,3
DA:76,3
DA:77,0
DA:78,0
DA:79,3
DA:80,0
DA:81,0
DA:83,3
DA:84,3
DA:85,3
DA:86,3
DA:88,3
DA:89,3
DA:90,3
DA:92,0
DA:93,0
DA:94,0
DA:96,0
DA:97,0
DA:98,0
DA:99,0
DA:100,0
DA:101,0
DA:102,0
DA:104,0
DA:105,0
DA:106,0
DA:107,0
DA:108,0
DA:109,0
DA:110,0
DA:112,0
DA:113,0
DA:114,0
DA:116,3
DA:117,3
DA:119,3
DA:120,0
DA:121,0
DA:122,0
DA:123,0
DA:124,0
DA:125,0
DA:126,0
DA:127,0
DA:128,0
DA:129,0
DA:131,0
DA:133,0
DA:134,0
DA:135,0
DA:137,0
DA:138,0
DA:139,0
DA:140,0
DA:141,0
DA:142,0
DA:144,3
DA:145,1
DA:146,1
DA:148,2
DA:149,3
DA:150,1
DA:151,1
DA:153,1
DA:154,1
DA:156,1
DA:157,1
DA:158,1
DA:159,1
DA:160,1
DA:161,1
DA:162,1
DA:163,1
DA:164,1
DA:165,1
LF:139
LH:47
BRDA:4,0,0,0
BRDA:48,1,0,3
BRDA:50,2,0,0
BRDA:71,3,0,3
BRDA:76,4,0,0
BRDA:76,5,0,0
BRDA:79,6,0,0
BRDA:79,7,0,0
BRDA:79,8,0,0
BRDA:116,9,0,3
BRDA:119,10,0,0
BRDA:144,11,0,2
BRDA:144,12,0,2
BRDA:144,13,0,1
BRDA:146,14,0,2
BRDA:149,15,0,1
BRF:16
BRH:8
end_of_record
TN:
SF:src\services\voiceService.ts
FN:40,<instance_members_initializer>
FN:47,VoiceService
FN:54,VoiceService.synthesis.onvoiceschanged
FN:65,isAvailable
FN:72,loadVoices
FN:82,getAvailableVoices
FN:89,getVoicesForLanguage
FN:96,loadSettings
FN:110,saveSettings
FN:121,getSettings
FN:128,updateSettings
FN:136,selectVoice
FN:157,speakImmediate
FN:175,utterance.onstart
FN:181,utterance.onend
FN:188,utterance.onerror
FN:201,speak
FN:238,processQueue
FN:250,stop
FN:261,clearAndStop
FN:269,pause
FN:278,resume
FN:287,speaking
FN:296,speakNavigationInstruction
FN:303,speakDistanceHint
FN:311,speakArrival
FN:321,speakDeviation
FN:328,speakEmergencyConfirmation
FN:335,speakFacilityInfo
FNF:29
FNH:19
FNDA:5,<instance_members_initializer>
FNDA:5,VoiceService
FNDA:0,VoiceService.synthesis.onvoiceschanged
FNDA:0,isAvailable
FNDA:5,loadVoices
FNDA:0,getAvailableVoices
FNDA:3,getVoicesForLanguage
FNDA:5,loadSettings
FNDA:4,saveSettings
FNDA:2,getSettings
FNDA:4,updateSettings
FNDA:4,selectVoice
FNDA:5,speakImmediate
FNDA:4,utterance.onstart
FNDA:4,utterance.onend
FNDA:0,utterance.onerror
FNDA:4,speak
FNDA:7,processQueue
FNDA:5,stop
FNDA:0,clearAndStop
FNDA:1,pause
FNDA:1,resume
FNDA:0,speaking
FNDA:1,speakNavigationInstruction
FNDA:0,speakDistanceHint
FNDA:1,speakArrival
FNDA:0,speakDeviation
FNDA:0,speakEmergencyConfirmation
FNDA:0,speakFacilityInfo
DA:1,1
DA:31,1
DA:32,1
DA:33,1
DA:34,1
DA:35,1
DA:36,1
DA:37,1
DA:39,1
DA:40,1
DA:41,5
DA:42,5
DA:43,5
DA:44,5
DA:45,5
DA:47,1
DA:48,5
DA:49,5
DA:50,5
DA:53,5
DA:54,5
DA:55,5
DA:56,5
DA:59,5
DA:60,5
DA:65,1
DA:66,0
DA:67,0
DA:72,1
DA:73,5
DA:74,5
DA:75,5
DA:76,5
DA:77,5
DA:82,1
DA:83,0
DA:84,0
DA:89,1
DA:90,3
DA:91,3
DA:96,1
DA:97,5
DA:98,5
DA:99,5
DA:100,1
DA:101,1
DA:102,5
DA:103,0
DA:104,0
DA:105,5
DA:110,1
DA:111,4
DA:112,4
DA:113,4
DA:114,0
DA:115,0
DA:116,4
DA:121,1
DA:122,2
DA:123,2
DA:128,1
DA:129,4
DA:130,4
DA:131,4
DA:136,1
DA:138,4
DA:139,1
DA:140,1
DA:141,1
DA:144,3
DA:147,3
DA:148,3
DA:151,0
DA:152,4
DA:157,1
DA:158,5
DA:161,4
DA:163,4
DA:164,4
DA:166,4
DA:167,4
DA:168,4
DA:170,4
DA:171,4
DA:172,4
DA:173,4
DA:175,4
DA:176,4
DA:177,4
DA:178,4
DA:179,4
DA:181,4
DA:182,4
DA:183,4
DA:184,4
DA:185,4
DA:186,4
DA:188,4
DA:189,0
DA:190,0
DA:191,0
DA:192,0
DA:193,0
DA:195,4
DA:196,5
DA:201,1
DA:202,4
DA:204,3
DA:205,3
DA:206,4
DA:207,4
DA:208,4
DA:209,4
DA:210,4
DA:211,4
DA:214,4
DA:216,2
DA:217,0
DA:218,0
DA:219,0
DA:220,0
DA:221,0
DA:222,0
DA:223,0
DA:224,0
DA:225,2
DA:226,4
DA:227,1
DA:228,1
DA:230,3
DA:231,3
DA:232,3
DA:233,4
DA:238,1
DA:239,7
DA:241,3
DA:242,3
DA:243,3
DA:244,3
DA:245,7
DA:250,1
DA:251,5
DA:252,5
DA:253,5
DA:254,5
DA:255,5
DA:256,5
DA:261,1
DA:262,0
DA:263,0
DA:264,0
DA:269,1
DA:270,1
DA:271,1
DA:272,1
DA:273,1
DA:278,1
DA:279,1
DA:280,1
DA:281,1
DA:282,1
DA:287,1
DA:288,0
DA:289,0
DA:296,1
DA:297,1
DA:298,1
DA:303,1
DA:304,0
DA:305,0
DA:306,0
DA:311,1
DA:312,1
DA:313,1
DA:314,0
DA:315,1
DA:316,1
DA:321,1
DA:322,0
DA:323,0
DA:328,1
DA:329,0
DA:330,0
DA:335,1
DA:336,0
DA:337,0
DA:338,0
DA:339,0
DA:340,0
DA:341,0
DA:342,1
DA:345,1
DA:347,1
LF:193
LH:152
BRDA:40,0,0,5
BRDA:47,1,0,5
BRDA:72,2,0,5
BRDA:89,3,0,3
BRDA:90,4,0,6
BRDA:96,5,0,5
BRDA:99,6,0,1
BRDA:102,7,0,0
BRDA:110,8,0,4
BRDA:113,9,0,0
BRDA:121,10,0,2
BRDA:128,11,0,4
BRDA:136,12,0,4
BRDA:138,13,0,1
BRDA:141,14,0,3
BRDA:148,15,0,0
BRDA:139,16,0,1
BRDA:147,17,0,3
BRDA:157,18,0,5
BRDA:158,19,0,1
BRDA:158,20,0,4
BRDA:175,21,0,4
BRDA:178,22,0,3
BRDA:178,23,0,0
BRDA:181,24,0,4
BRDA:184,25,0,3
BRDA:184,26,0,0
BRDA:201,27,0,4
BRDA:202,28,0,1
BRDA:202,29,0,3
BRDA:206,30,0,2
BRDA:206,31,0,1
BRDA:207,32,0,2
BRDA:207,33,0,2
BRDA:208,34,0,2
BRDA:209,35,0,2
BRDA:210,36,0,2
BRDA:214,37,0,2
BRDA:216,38,0,0
BRDA:216,39,0,0
BRDA:226,40,0,1
BRDA:228,41,0,3
BRDA:238,42,0,7
BRDA:239,43,0,3
BRDA:239,44,0,4
BRDA:239,45,0,3
BRDA:250,46,0,5
BRDA:269,47,0,1
BRDA:278,48,0,1
BRDA:296,49,0,1
BRDA:311,50,0,1
BRDA:313,51,0,0
BRF:52
BRH:44
end_of_record
TN:
SF:src\stores\navStoreHelpers.ts
FN:15,clamp
FN:23,parseTimeToMinutes
FN:32,isInQuietHours
FN:47,normalizeVoicePolicy
FN:63,unwrapApiPayload
FN:72,formatDurationSec
FN:83,extractLineCoordinates
FN:90,isTurnAction
FN:94,buildInstructionTimeline
FN:122,defaultNavInfo
FN:136,routeSignature
FNF:11
FNH:11
FNDA:12,clamp
FNDA:15,parseTimeToMinutes
FNDA:6,isInQuietHours
FNDA:3,normalizeVoicePolicy
FNDA:4,unwrapApiPayload
FNDA:2,formatDurationSec
FNDA:1,extractLineCoordinates
FNDA:2,isTurnAction
FNDA:1,buildInstructionTimeline
FNDA:6,defaultNavInfo
FNDA:1,routeSignature
DA:6,1
DA:7,1
DA:8,1
DA:9,1
DA:10,1
DA:11,1
DA:12,1
DA:13,1
DA:15,1
DA:16,12
DA:17,12
DA:18,12
DA:19,12
DA:20,4
DA:21,4
DA:23,1
DA:24,15
DA:25,15
DA:26,15
DA:27,6
DA:28,15
DA:29,5
DA:30,5
DA:32,1
DA:33,6
DA:34,6
DA:35,6
DA:36,4
DA:37,4
DA:39,2
DA:40,2
DA:41,6
DA:42,0
DA:43,0
DA:44,2
DA:45,6
DA:47,1
DA:48,3
DA:49,0
DA:50,0
DA:52,3
DA:53,3
DA:54,3
DA:55,3
DA:56,3
DA:57,3
DA:58,3
DA:59,3
DA:60,3
DA:61,3
DA:63,1
DA:64,4
DA:65,4
DA:66,4
DA:67,2
DA:68,2
DA:69,2
DA:70,2
DA:72,1
DA:73,2
DA:74,2
DA:75,2
DA:76,1
DA:77,1
DA:78,1
DA:79,1
DA:80,1
DA:81,1
DA:83,1
DA:84,1
DA:85,1
DA:86,1
DA:87,1
DA:88,1
DA:90,1
DA:91,2
DA:92,2
DA:94,1
DA:95,1
DA:96,1
DA:97,1
DA:99,1
DA:100,1
DA:101,1
DA:103,1
DA:104,1
DA:106,1
DA:107,4
DA:108,4
DA:109,4
DA:111,4
DA:112,2
DA:113,2
DA:114,2
DA:115,2
DA:116,2
DA:118,2
DA:119,1
DA:120,1
DA:122,1
DA:123,6
DA:124,6
DA:125,6
DA:126,6
DA:127,6
DA:128,6
DA:129,6
DA:130,6
DA:131,6
DA:132,6
DA:133,6
DA:134,6
DA:136,1
DA:137,1
DA:138,1
DA:139,1
DA:140,1
DA:141,1
LF:118
LH:114
BRDA:15,0,0,12
BRDA:17,1,0,9
BRDA:17,2,0,4
BRDA:17,3,0,8
BRDA:18,4,0,2
BRDA:18,5,0,6
BRDA:19,6,0,2
BRDA:19,7,0,4
BRDA:23,8,0,15
BRDA:24,9,0,0
BRDA:26,10,0,9
BRDA:26,11,0,6
BRDA:28,12,0,1
BRDA:28,13,0,5
BRDA:32,14,0,6
BRDA:35,15,0,2
BRDA:35,16,0,2
BRDA:35,17,0,4
BRDA:37,18,0,2
BRDA:41,19,0,0
BRDA:43,20,0,2
BRDA:44,21,0,1
BRDA:47,22,0,3
BRDA:48,23,0,0
BRDA:57,24,0,1
BRDA:58,25,0,1
BRDA:59,26,0,0
BRDA:63,27,0,4
BRDA:64,28,0,0
BRDA:66,29,0,2
BRDA:66,30,0,2
BRDA:66,31,0,2
BRDA:72,32,0,2
BRDA:74,33,0,0
BRDA:75,34,0,1
BRDA:83,35,0,1
BRDA:85,36,0,0
BRDA:87,37,0,0
BRDA:90,38,0,2
BRDA:91,39,0,1
BRDA:94,40,0,1
BRDA:95,41,0,0
BRDA:97,42,0,0
BRDA:103,43,0,0
BRDA:100,44,0,4
BRDA:100,45,0,0
BRDA:101,46,0,2
BRDA:101,47,0,0
BRDA:106,48,0,4
BRDA:107,49,0,0
BRDA:108,50,0,0
BRDA:109,51,0,2
BRDA:111,52,0,2
BRDA:122,53,0,6
BRDA:136,54,0,1
BRDA:138,55,0,0
BRDA:138,56,0,0
BRDA:138,57,0,0
BRF:58
BRH:40
end_of_record
TN:
SF:src\stores\navigationSessionHelpers.ts
FN:18,nowIso
FN:22,pickActiveMode
FN:26,extractLineCoordinates
FN:35,extractLineEndCoordinate
FN:47,formatDistanceM
FN:54,toSessionDestination
FNF:6
FNH:6
FNDA:2,nowIso
FNDA:5,pickActiveMode
FNDA:2,extractLineCoordinates
FNDA:1,extractLineEndCoordinate
FNDA:3,formatDistanceM
FNDA:4,toSessionDestination
DA:18,1
DA:19,2
DA:20,2
DA:22,1
DA:23,5
DA:24,5
DA:26,1
DA:27,2
DA:28,2
DA:29,2
DA:30,2
DA:31,2
DA:32,2
DA:33,2
DA:35,1
DA:36,1
DA:37,1
DA:39,1
DA:40,1
DA:41,1
DA:42,1
DA:44,1
DA:45,1
DA:47,1
DA:48,3
DA:49,3
DA:50,3
DA:51,1
DA:52,1
DA:54,1
DA:55,4
DA:57,4
DA:58,4
DA:59,4
DA:61,4
DA:62,1
DA:63,1
DA:65,3
DA:66,3
LF:39
LH:39
BRDA:18,0,0,2
BRDA:22,1,0,5
BRDA:23,2,0,1
BRDA:23,3,0,4
BRDA:26,4,0,2
BRDA:27,5,0,0
BRDA:30,6,0,0
BRDA:32,7,0,0
BRDA:35,8,0,1
BRDA:37,9,0,0
BRDA:42,10,0,0
BRDA:47,11,0,3
BRDA:49,12,0,1
BRDA:49,13,0,2
BRDA:50,14,0,1
BRDA:54,15,0,4
BRDA:55,16,0,0
BRDA:57,17,0,2
BRDA:58,18,0,2
BRDA:59,19,0,2
BRDA:59,20,0,1
BRDA:61,21,0,3
BRDA:61,22,0,3
BRDA:61,23,0,1
BRF:24
BRH:18
end_of_record
TN:
SF:src\stores\useAccessibilityProfileStore.ts
FN:8,createDefaultProfile
FN:18,normalizeProfile
FN:38,unwrapResponsePayload
FN:53,resetProfile
FN:60,fetchProfile
FN:75,saveProfile
FNF:6
FNH:6
FNDA:5,createDefaultProfile
FNDA:1,normalizeProfile
FNDA:1,unwrapResponsePayload
FNDA:1,resetProfile
FNDA:1,fetchProfile
FNDA:1,saveProfile
DA:1,1
DA:6,1
DA:8,5
DA:9,5
DA:10,5
DA:11,5
DA:12,5
DA:13,5
DA:14,5
DA:15,5
DA:16,5
DA:18,1
DA:19,1
DA:20,1
DA:21,0
DA:22,0
DA:24,1
DA:25,1
DA:26,1
DA:27,1
DA:29,1
DA:30,1
DA:31,1
DA:32,1
DA:33,1
DA:34,1
DA:35,1
DA:36,1
DA:38,1
DA:39,1
DA:40,1
DA:41,1
DA:42,1
DA:43,1
DA:44,0
DA:45,0
DA:47,1
DA:48,3
DA:49,3
DA:50,3
DA:51,3
DA:53,3
DA:54,1
DA:55,1
DA:56,1
DA:57,1
DA:58,1
DA:60,3
DA:61,1
DA:62,1
DA:63,1
DA:64,1
DA:65,1
DA:66,1
DA:67,1
DA:68,0
DA:69,0
DA:70,1
DA:71,1
DA:72,1
DA:73,1
DA:75,3
DA:76,1
DA:77,1
DA:78,1
DA:79,1
DA:80,1
DA:81,1
DA:82,1
DA:83,0
DA:84,0
DA:85,1
DA:86,1
DA:87,1
DA:88,1
DA:89,1
DA:90,1
DA:91,1
DA:93,3
DA:94,3
DA:95,3
DA:96,3
DA:97,3
DA:98,3
DA:99,3
DA:100,3
DA:101,3
DA:102,3
LF:88
LH:80
BRDA:8,0,0,5
BRDA:18,1,0,1
BRDA:20,2,0,0
BRDA:25,3,0,0
BRDA:26,4,0,0
BRDA:34,5,0,0
BRDA:38,6,0,1
BRDA:39,7,0,0
BRDA:43,8,0,0
BRDA:47,9,0,3
BRDA:53,10,0,1
BRDA:60,11,0,1
BRDA:67,12,0,0
BRDA:75,13,0,1
BRDA:81,14,0,0
BRDA:82,15,0,0
BRDA:86,16,0,0
BRDA:88,17,0,0
BRF:18
BRH:7
end_of_record
TN:
SF:src\stores\useFavoritesStore.ts
FN:12,tr
FN:28,normalizeRemoteItem
FN:49,buildRemotePayload
FN:82,loadPinyinFn
FN:98,loadRemoteFavorites
FN:109,loadFavorites
FN:129,addFavorite
FN:194,removeFavorite
FN:216,applyFavorite
FN:226,doImport
FN:243,doExport
FNF:11
FNH:7
FNDA:5,tr
FNDA:2,normalizeRemoteItem
FNDA:1,buildRemotePayload
FNDA:0,loadPinyinFn
FNDA:1,loadRemoteFavorites
FNDA:2,loadFavorites
FNDA:2,addFavorite
FNDA:1,removeFavorite
FNDA:0,applyFavorite
FNDA:0,doImport
FNDA:0,doExport
DA:1,1
DA:12,5
DA:13,5
DA:14,5
DA:28,2
DA:29,2
DA:30,2
DA:31,2
DA:32,2
DA:33,2
DA:35,2
DA:36,2
DA:37,2
DA:38,2
DA:39,2
DA:40,2
DA:41,2
DA:42,2
DA:43,2
DA:44,2
DA:45,2
DA:46,2
DA:47,2
DA:49,1
DA:50,1
DA:51,1
DA:52,1
DA:53,1
DA:54,1
DA:55,1
DA:56,1
DA:57,1
DA:59,1
DA:60,4
DA:61,4
DA:62,4
DA:64,4
DA:65,4
DA:66,4
DA:67,4
DA:68,4
DA:69,4
DA:70,4
DA:71,4
DA:72,4
DA:73,4
DA:74,4
DA:76,4
DA:77,0
DA:78,0
DA:79,0
DA:80,4
DA:82,4
DA:83,0
DA:84,0
DA:85,0
DA:86,0
DA:87,0
DA:88,0
DA:89,0
DA:91,4
DA:92,4
DA:93,4
DA:94,4
DA:95,4
DA:96,4
DA:98,4
DA:99,1
DA:100,1
DA:101,1
DA:102,1
DA:103,1
DA:104,1
DA:105,1
DA:106,1
DA:107,1
DA:109,4
DA:110,2
DA:111,2
DA:113,2
DA:114,1
DA:115,1
DA:116,1
DA:117,1
DA:119,1
DA:120,1
DA:121,2
DA:122,0
DA:123,0
DA:124,0
DA:125,0
DA:126,0
DA:127,2
DA:129,4
DA:130,2
DA:132,2
DA:133,2
DA:134,0
DA:135,0
DA:136,0
DA:138,2
DA:139,2
DA:140,2
DA:141,2
DA:142,2
DA:144,2
DA:145,2
DA:147,2
DA:149,2
DA:150,1
DA:151,1
DA:152,1
DA:153,1
DA:154,1
DA:155,1
DA:156,1
DA:157,1
DA:158,1
DA:159,1
DA:160,1
DA:161,1
DA:162,1
DA:163,1
DA:164,1
DA:165,1
DA:166,1
DA:167,1
DA:168,0
DA:169,0
DA:170,0
DA:171,1
DA:173,2
DA:174,1
DA:175,1
DA:176,1
DA:177,1
DA:178,1
DA:179,1
DA:180,1
DA:181,1
DA:182,1
DA:183,1
DA:184,1
DA:185,1
DA:186,1
DA:188,2
DA:190,2
DA:191,2
DA:192,2
DA:194,4
DA:195,1
DA:196,1
DA:198,1
DA:200,1
DA:201,1
DA:202,1
DA:203,1
DA:204,1
DA:205,1
DA:206,0
DA:207,0
DA:208,0
DA:209,1
DA:211,1
DA:212,1
DA:213,1
DA:214,1
DA:216,4
DA:217,0
DA:218,0
DA:219,0
DA:220,0
DA:221,0
DA:222,0
DA:223,0
DA:224,0
DA:226,4
DA:227,0
DA:228,0
DA:230,0
DA:231,0
DA:232,0
DA:233,0
DA:234,0
DA:235,0
DA:236,0
DA:237,0
DA:238,0
DA:239,0
DA:240,0
DA:241,0
DA:243,4
DA:244,0
DA:245,0
DA:246,0
DA:247,0
DA:248,0
DA:250,4
DA:251,4
DA:252,4
DA:253,4
DA:254,4
DA:255,4
DA:256,4
DA:257,4
DA:258,4
DA:259,4
DA:260,4
LF:208
LH:157
BRDA:12,0,0,5
BRDA:28,1,0,2
BRDA:29,2,0,0
BRDA:33,3,0,0
BRDA:37,4,0,0
BRDA:40,5,0,1
BRDA:41,6,0,0
BRDA:42,7,0,0
BRDA:42,8,0,1
BRDA:42,9,0,0
BRDA:49,10,0,1
BRDA:59,11,0,4
BRDA:98,12,0,1
BRDA:100,13,0,0
BRDA:101,14,0,0
BRDA:109,15,0,2
BRDA:113,16,0,1
BRDA:121,17,0,0
BRDA:129,18,0,2
BRDA:133,19,0,0
BRDA:138,20,0,1
BRDA:139,21,0,1
BRDA:144,22,0,1
BRDA:144,23,0,1
BRDA:145,24,0,1
BRDA:149,25,0,1
BRDA:159,26,0,0
BRDA:167,27,0,0
BRDA:173,28,0,1
BRDA:173,29,0,1
BRDA:141,30,0,3
BRDA:194,31,0,1
BRDA:196,32,0,0
BRDA:205,33,0,0
BRDA:195,34,0,1
BRF:35
BRH:21
end_of_record
TN:
SF:src\stores\useHistoryStore.ts
FN:49,loadHistory
FN:65,saveHistory
FN:76,addHistory
FN:132,removeHistory
FN:143,clearHistory
FN:151,setFilterKeyword
FN:158,formatTime
FN:208,tr
FNF:8
FNH:8
FNDA:3,loadHistory
FNDA:5,saveHistory
FNDA:3,addHistory
FNDA:1,removeHistory
FNDA:1,clearHistory
FNDA:2,setFilterKeyword
FNDA:4,formatTime
FNDA:6,tr
DA:1,1
DA:26,1
DA:27,3
DA:28,3
DA:31,3
DA:34,3
DA:37,3
DA:38,2
DA:39,2
DA:41,2
DA:42,2
DA:43,2
DA:44,2
DA:45,2
DA:46,3
DA:49,3
DA:50,3
DA:51,3
DA:52,3
DA:53,1
DA:54,1
DA:55,1
DA:56,1
DA:57,1
DA:58,3
DA:59,0
DA:60,0
DA:61,0
DA:62,3
DA:65,3
DA:66,5
DA:67,5
DA:68,5
DA:69,0
DA:70,0
DA:71,5
DA:76,3
DA:82,3
DA:83,3
DA:85,3
DA:86,3
DA:87,3
DA:88,3
DA:89,3
DA:90,3
DA:91,3
DA:92,3
DA:93,3
DA:94,3
DA:95,3
DA:96,3
DA:97,3
DA:98,3
DA:99,3
DA:100,3
DA:101,3
DA:102,3
DA:105,3
DA:106,1
DA:107,1
DA:108,1
DA:109,1
DA:110,3
DA:112,3
DA:114,1
DA:115,1
DA:118,3
DA:121,3
DA:122,0
DA:123,0
DA:125,3
DA:126,3
DA:127,3
DA:132,3
DA:133,1
DA:134,1
DA:135,1
DA:136,1
DA:137,1
DA:138,1
DA:143,3
DA:144,1
DA:145,1
DA:146,1
DA:151,3
DA:152,2
DA:153,2
DA:158,3
DA:159,4
DA:160,4
DA:161,4
DA:163,4
DA:166,4
DA:167,4
DA:168,1
DA:169,1
DA:172,4
DA:173,1
DA:174,1
DA:177,1
DA:178,1
DA:179,1
DA:180,1
DA:181,1
DA:182,1
DA:185,0
DA:186,0
DA:187,0
DA:188,0
DA:190,4
DA:193,3
DA:195,3
DA:196,3
DA:197,3
DA:198,3
DA:199,3
DA:200,3
DA:201,3
DA:202,3
DA:203,3
DA:204,3
DA:205,3
DA:206,3
DA:208,6
DA:209,6
DA:210,6
LF:126
LH:115
BRDA:26,0,0,3
BRDA:37,1,0,2
BRDA:39,2,0,0
BRDA:41,3,0,2
BRDA:42,4,0,0
BRDA:43,5,0,0
BRDA:44,6,0,1
BRDA:49,7,0,3
BRDA:52,8,0,1
BRDA:58,9,0,0
BRDA:65,10,0,5
BRDA:68,11,0,0
BRDA:76,12,0,3
BRDA:83,13,0,0
BRDA:91,14,0,1
BRDA:96,15,0,1
BRDA:98,16,0,1
BRDA:99,17,0,1
BRDA:100,18,0,1
BRDA:112,19,0,1
BRDA:121,20,0,0
BRDA:105,21,0,1
BRDA:132,22,0,1
BRDA:133,23,0,1
BRDA:143,24,0,1
BRDA:151,25,0,2
BRDA:158,26,0,4
BRDA:163,27,0,0
BRDA:166,28,0,1
BRDA:166,29,0,3
BRDA:167,30,0,1
BRDA:169,31,0,2
BRDA:172,32,0,1
BRDA:182,33,0,0
BRDA:208,34,0,6
BRF:35
BRH:26
end_of_record
TN:
SF:src\stores\useMapStore.ts
FN:17,setCampusOnly
FN:21,setFloor
FNF:2
FNH:0
FNDA:0,setCampusOnly
FNDA:0,setFloor
DA:1,1
DA:9,1
DA:10,17
DA:11,17
DA:12,17
DA:13,17
DA:14,17
DA:15,17
DA:17,17
DA:18,0
DA:19,0
DA:21,17
DA:22,0
DA:23,0
DA:25,17
DA:26,17
DA:27,17
DA:28,17
DA:29,17
DA:30,17
DA:31,17
DA:32,17
LF:22
LH:18
BRDA:9,0,0,17
BRF:1
BRH:1
end_of_record
TN:
SF:src\stores\useNavStore.ts
FN:35,tr
FN:69,eventVibratePattern
FN:100,__vite_ssr_import_1__.watch.lastEventTs
FN:101,__vite_ssr_import_1__.watch.deep
FN:127,computeGuidance
FN:186,maybeAnnounceGuidance
FN:239,__vite_ssr_import_1__.watch.deep
FN:266,setUserLocation
FN:270,toggleTracking
FN:283,toggleVoice
FN:300,toggleVibration
FN:319,startLocationWatch
FN:342,navigator.geolocation.watchPosition.enableHighAccuracy
FN:357,stopLocationWatch
FN:366,speak
FN:377,vibrate
FN:388,loadVoicePolicy
FN:410,saveVoicePolicy
FN:434,__vite_ssr_import_1__.watch.immediate
FN:447,setMockLocation
FNF:20
FNH:13
FNDA:6,tr
FNDA:4,eventVibratePattern
FNDA:13,__vite_ssr_import_1__.watch.lastEventTs
FNDA:8,__vite_ssr_import_1__.watch.deep
FNDA:0,computeGuidance
FNDA:0,maybeAnnounceGuidance
FNDA:0,__vite_ssr_import_1__.watch.deep
FNDA:0,setUserLocation
FNDA:3,toggleTracking
FNDA:2,toggleVoice
FNDA:0,toggleVibration
FNDA:1,startLocationWatch
FNDA:1,navigator.geolocation.watchPosition.enableHighAccuracy
FNDA:1,stopLocationWatch
FNDA:2,speak
FNDA:4,vibrate
FNDA:1,loadVoicePolicy
FNDA:1,saveVoicePolicy
FNDA:0,__vite_ssr_import_1__.watch.immediate
FNDA:0,setMockLocation
DA:1,1
DA:30,1
DA:31,1
DA:32,1
DA:33,1
DA:35,6
DA:36,6
DA:37,6
DA:39,1
DA:40,5
DA:41,5
DA:42,5
DA:43,5
DA:46,5
DA:47,5
DA:48,5
DA:51,5
DA:54,5
DA:55,5
DA:56,5
DA:59,5
DA:60,5
DA:61,5
DA:62,5
DA:63,5
DA:64,5
DA:66,5
DA:69,5
DA:70,4
DA:71,4
DA:72,0
DA:73,4
DA:74,0
DA:75,4
DA:76,0
DA:77,4
DA:78,0
DA:79,4
DA:80,4
DA:81,4
DA:82,0
DA:83,4
DA:84,0
DA:85,4
DA:86,0
DA:87,4
DA:88,0
DA:89,4
DA:90,4
DA:94,5
DA:95,3
DA:96,5
DA:99,5
DA:100,5
DA:101,5
DA:102,8
DA:103,4
DA:104,4
DA:107,4
DA:109,8
DA:112,8
DA:113,8
DA:114,0
DA:115,8
DA:116,3
DA:117,3
DA:118,0
DA:119,0
DA:120,0
DA:121,0
DA:122,3
DA:123,8
DA:124,5
DA:125,5
DA:127,5
DA:128,0
DA:129,0
DA:131,0
DA:132,0
DA:135,0
DA:136,0
DA:137,0
DA:138,0
DA:139,0
DA:140,0
DA:141,0
DA:142,0
DA:143,0
DA:144,0
DA:145,0
DA:147,0
DA:148,0
DA:149,0
DA:151,0
DA:152,0
DA:153,0
DA:154,0
DA:156,0
DA:157,0
DA:158,0
DA:159,0
DA:161,0
DA:162,0
DA:164,0
DA:165,0
DA:166,0
DA:167,0
DA:168,0
DA:169,0
DA:171,0
DA:173,0
DA:174,0
DA:175,0
DA:176,0
DA:177,0
DA:178,0
DA:179,0
DA:180,0
DA:181,0
DA:182,0
DA:183,0
DA:184,0
DA:186,5
DA:187,0
DA:188,0
DA:189,0
DA:191,0
DA:192,0
DA:194,0
DA:195,0
DA:196,0
DA:197,0
DA:198,0
DA:199,0
DA:200,0
DA:203,0
DA:204,0
DA:206,0
DA:207,0
DA:208,0
DA:209,0
DA:210,0
DA:211,0
DA:212,0
DA:213,0
DA:214,0
DA:215,0
DA:216,0
DA:217,0
DA:220,0
DA:221,0
DA:222,0
DA:223,0
DA:224,0
DA:225,0
DA:226,0
DA:228,0
DA:229,0
DA:230,0
DA:231,0
DA:232,0
DA:233,0
DA:234,0
DA:237,5
DA:238,5
DA:239,5
DA:240,0
DA:241,0
DA:242,0
DA:243,0
DA:245,0
DA:246,0
DA:247,0
DA:248,0
DA:251,0
DA:252,0
DA:253,0
DA:254,0
DA:255,0
DA:256,0
DA:258,0
DA:259,0
DA:260,0
DA:261,0
DA:262,5
DA:263,5
DA:266,5
DA:267,0
DA:268,0
DA:270,5
DA:271,3
DA:272,1
DA:273,1
DA:274,3
DA:275,1
DA:276,1
DA:277,1
DA:278,1
DA:279,1
DA:280,1
DA:281,3
DA:283,5
DA:284,2
DA:285,2
DA:286,2
DA:287,0
DA:288,0
DA:289,2
DA:290,2
DA:291,2
DA:292,0
DA:293,0
DA:295,2
DA:296,1
DA:297,1
DA:298,2
DA:300,5
DA:301,0
DA:302,0
DA:303,0
DA:304,0
DA:305,0
DA:306,0
DA:307,0
DA:308,0
DA:309,0
DA:310,0
DA:311,0
DA:313,0
DA:314,0
DA:315,0
DA:316,0
DA:319,5
DA:320,1
DA:321,0
DA:322,0
DA:323,0
DA:324,1
DA:325,1
DA:327,1
DA:328,1
DA:329,0
DA:330,0
DA:331,0
DA:332,0
DA:333,0
DA:334,0
DA:335,0
DA:338,0
DA:340,0
DA:341,0
DA:342,1
DA:343,1
DA:344,1
DA:345,1
DA:346,1
DA:347,1
DA:348,1
DA:349,1
DA:350,1
DA:351,1
DA:352,1
DA:353,1
DA:354,1
DA:355,1
DA:357,5
DA:358,1
DA:359,0
DA:360,0
DA:361,0
DA:362,1
DA:363,1
DA:366,5
DA:367,2
DA:368,2
DA:369,2
DA:370,2
DA:371,2
DA:374,2
DA:375,2
DA:377,5
DA:378,4
DA:379,3
DA:380,3
DA:381,3
DA:384,3
DA:385,3
DA:386,4
DA:388,5
DA:389,1
DA:390,0
DA:391,0
DA:392,0
DA:393,0
DA:395,1
DA:396,1
DA:397,1
DA:398,1
DA:399,1
DA:400,1
DA:401,1
DA:402,1
DA:403,1
DA:404,1
DA:405,1
DA:406,0
DA:407,0
DA:408,1
DA:410,5
DA:411,1
DA:413,1
DA:414,1
DA:415,1
DA:416,1
DA:417,1
DA:418,1
DA:419,1
DA:420,1
DA:421,1
DA:422,1
DA:423,1
DA:424,1
DA:425,1
DA:426,1
DA:427,0
DA:428,0
DA:429,0
DA:430,1
DA:432,5
DA:433,5
DA:434,5
DA:435,0
DA:436,0
DA:437,0
DA:438,0
DA:439,0
DA:440,0
DA:441,0
DA:442,0
DA:443,5
DA:444,5
DA:447,5
DA:448,0
DA:449,0
DA:450,0
DA:451,0
DA:452,0
DA:453,0
DA:454,0
DA:456,5
DA:457,5
DA:458,5
DA:459,5
DA:460,5
DA:461,5
DA:462,5
DA:463,5
DA:464,5
DA:465,5
DA:466,5
DA:467,5
DA:468,5
DA:469,5
DA:470,5
DA:471,5
DA:472,5
DA:473,5
DA:474,5
DA:475,5
DA:476,5
LF:370
LH:191
BRDA:35,0,0,6
BRDA:39,1,0,5
BRDA:69,2,0,4
BRDA:70,3,0,0
BRDA:71,4,0,0
BRDA:73,5,0,0
BRDA:75,6,0,0
BRDA:77,7,0,0
BRDA:81,8,0,0
BRDA:83,9,0,0
BRDA:85,10,0,0
BRDA:87,11,0,0
BRDA:94,12,0,3
BRDA:100,13,0,13
BRDA:101,14,0,8
BRDA:102,15,0,4
BRDA:102,16,0,4
BRDA:103,17,0,0
BRDA:103,18,0,4
BRDA:109,19,0,3
BRDA:109,20,0,1
BRDA:109,21,0,3
BRDA:112,22,0,0
BRDA:113,23,0,0
BRDA:113,24,0,0
BRDA:115,25,0,3
BRDA:115,26,0,0
BRDA:117,27,0,0
BRDA:238,28,0,5
BRDA:238,29,0,5
BRDA:270,30,0,3
BRDA:271,31,0,1
BRDA:274,32,0,2
BRDA:274,33,0,1
BRDA:283,34,0,2
BRDA:286,35,0,0
BRDA:291,36,0,0
BRDA:295,37,0,1
BRDA:319,38,0,1
BRDA:320,39,0,0
BRDA:342,40,0,1
BRDA:357,41,0,1
BRDA:358,42,0,0
BRDA:366,43,0,2
BRDA:367,44,0,0
BRDA:368,45,0,0
BRDA:369,46,0,0
BRDA:369,47,0,0
BRDA:370,48,0,0
BRDA:370,49,0,0
BRDA:377,50,0,4
BRDA:378,51,0,1
BRDA:378,52,0,3
BRDA:379,53,0,0
BRDA:379,54,0,3
BRDA:388,55,0,1
BRDA:389,56,0,0
BRDA:405,57,0,0
BRDA:410,58,0,1
BRDA:411,59,0,0
BRDA:426,60,0,0
BRDA:433,61,0,5
BRF:62
BRH:32
end_of_record
TN:
SF:src\stores\useNavigationSessionStore.ts
FN:40,tr
FN:89,emitEvent
FN:97,persistSessionSnapshot
FN:116,clearPersistedSessionSnapshot
FN:121,readPersistedSessionSnapshot
FN:135,resetLocalState
FN:166,applyResponse
FN:198,restoreByResumeToken
FN:218,startFromCurrentRoute
FN:258,pause
FN:265,resume
FN:272,end
FN:283,rerouteFromLocation
FN:315,fetchHazards
FN:331,reportClientEvent
FN:359,clearHazardWarning
FN:363,addWaypoint
FN:367,removeWaypoint
FN:371,advanceLeg
FN:381,pushLocation
FN:415,handleLocationUpdate
FNF:21
FNH:12
FNDA:7,tr
FNDA:3,emitEvent
FNDA:2,persistSessionSnapshot
FNDA:3,clearPersistedSessionSnapshot
FNDA:2,readPersistedSessionSnapshot
FNDA:2,resetLocalState
FNDA:3,applyResponse
FNDA:2,restoreByResumeToken
FNDA:2,startFromCurrentRoute
FNDA:0,pause
FNDA:0,resume
FNDA:0,end
FNDA:2,rerouteFromLocation
FNDA:0,fetchHazards
FNDA:0,reportClientEvent
FNDA:0,clearHazardWarning
FNDA:0,addWaypoint
FNDA:0,removeWaypoint
FNDA:0,advanceLeg
FNDA:1,pushLocation
FNDA:1,handleLocationUpdate
DA:1,1
DA:22,1
DA:23,1
DA:24,1
DA:25,1
DA:26,1
DA:27,1
DA:28,1
DA:29,1
DA:30,1
DA:31,1
DA:32,1
DA:40,7
DA:41,7
DA:42,7
DA:44,1
DA:45,5
DA:46,5
DA:47,5
DA:48,5
DA:50,5
DA:51,5
DA:52,5
DA:54,5
DA:55,5
DA:56,5
DA:58,5
DA:60,5
DA:61,5
DA:62,5
DA:63,5
DA:65,5
DA:67,5
DA:68,5
DA:70,5
DA:71,5
DA:72,5
DA:73,5
DA:74,5
DA:75,5
DA:76,5
DA:77,5
DA:78,5
DA:79,5
DA:80,5
DA:81,5
DA:82,5
DA:84,5
DA:85,5
DA:86,5
DA:87,5
DA:89,5
DA:90,3
DA:91,3
DA:92,3
DA:93,3
DA:94,3
DA:95,3
DA:97,5
DA:98,2
DA:100,2
DA:101,0
DA:102,0
DA:103,0
DA:105,2
DA:106,2
DA:107,2
DA:108,2
DA:109,2
DA:110,2
DA:111,2
DA:112,2
DA:113,2
DA:114,2
DA:116,5
DA:117,3
DA:118,3
DA:119,3
DA:121,5
DA:122,2
DA:123,2
DA:124,2
DA:125,2
DA:126,2
DA:127,2
DA:128,2
DA:129,2
DA:130,2
DA:131,0
DA:132,0
DA:133,2
DA:135,5
DA:136,2
DA:137,2
DA:138,2
DA:139,2
DA:140,2
DA:141,2
DA:142,2
DA:143,2
DA:144,2
DA:145,2
DA:146,2
DA:147,2
DA:148,2
DA:149,2
DA:150,2
DA:151,2
DA:152,2
DA:153,2
DA:154,2
DA:155,2
DA:156,2
DA:157,2
DA:158,2
DA:159,2
DA:160,2
DA:161,2
DA:162,2
DA:163,2
DA:164,2
DA:166,5
DA:167,3
DA:168,3
DA:169,3
DA:170,3
DA:171,3
DA:172,3
DA:173,3
DA:174,3
DA:177,3
DA:178,0
DA:179,0
DA:180,3
DA:181,3
DA:182,3
DA:183,0
DA:184,2
DA:185,3
DA:186,0
DA:187,2
DA:188,3
DA:190,3
DA:191,2
DA:192,2
DA:193,2
DA:195,2
DA:196,3
DA:198,5
DA:199,2
DA:200,2
DA:202,2
DA:203,2
DA:205,2
DA:206,2
DA:207,2
DA:208,2
DA:209,1
DA:210,1
DA:211,1
DA:212,1
DA:213,1
DA:214,1
DA:215,1
DA:216,2
DA:218,5
DA:219,2
DA:220,1
DA:221,1
DA:222,1
DA:224,1
DA:225,1
DA:226,2
DA:227,0
DA:228,0
DA:229,0
DA:231,1
DA:232,1
DA:233,1
DA:234,1
DA:235,1
DA:236,1
DA:237,2
DA:238,2
DA:239,2
DA:240,2
DA:241,0
DA:242,0
DA:243,0
DA:244,0
DA:245,0
DA:246,0
DA:247,0
DA:249,1
DA:250,1
DA:251,1
DA:252,1
DA:253,1
DA:254,1
DA:255,1
DA:256,2
DA:258,5
DA:259,0
DA:260,0
DA:261,0
DA:262,0
DA:263,0
DA:265,5
DA:266,0
DA:267,0
DA:268,0
DA:269,0
DA:270,0
DA:272,5
DA:273,0
DA:274,0
DA:275,0
DA:276,0
DA:277,0
DA:278,0
DA:279,0
DA:280,0
DA:281,0
DA:283,5
DA:284,2
DA:285,2
DA:286,1
DA:287,1
DA:288,1
DA:289,1
DA:290,2
DA:291,2
DA:292,2
DA:293,2
DA:294,2
DA:295,2
DA:296,1
DA:297,1
DA:298,1
DA:299,1
DA:300,1
DA:301,1
DA:302,1
DA:303,1
DA:304,1
DA:305,1
DA:306,2
DA:308,2
DA:309,2
DA:310,1
DA:311,1
DA:312,1
DA:313,2
DA:315,5
DA:316,0
DA:317,0
DA:318,0
DA:319,0
DA:321,0
DA:322,0
DA:323,0
DA:324,0
DA:325,0
DA:326,0
DA:328,0
DA:329,0
DA:331,5
DA:332,0
DA:333,0
DA:334,0
DA:336,0
DA:337,0
DA:338,0
DA:339,0
DA:341,0
DA:342,0
DA:343,0
DA:344,0
DA:345,0
DA:347,0
DA:348,0
DA:349,0
DA:350,0
DA:351,0
DA:354,0
DA:356,0
DA:357,0
DA:359,5
DA:360,0
DA:361,0
DA:363,5
DA:364,0
DA:365,0
DA:367,5
DA:368,0
DA:369,0
DA:371,5
DA:372,0
DA:373,0
DA:374,0
DA:375,0
DA:376,0
DA:377,0
DA:378,0
DA:379,0
DA:381,5
DA:382,1
DA:383,1
DA:384,1
DA:385,1
DA:386,1
DA:388,1
DA:389,1
DA:390,1
DA:391,1
DA:392,1
DA:393,1
DA:394,1
DA:395,1
DA:396,1
DA:397,1
DA:398,1
DA:399,1
DA:401,1
DA:402,1
DA:403,1
DA:404,1
DA:405,1
DA:408,0
DA:409,0
DA:410,0
DA:411,0
DA:412,1
DA:413,1
DA:415,5
DA:416,1
DA:417,1
DA:419,1
DA:420,1
DA:425,0
DA:426,1
DA:427,0
DA:428,0
DA:429,0
DA:430,0
DA:431,0
DA:432,0
DA:433,0
DA:434,0
DA:435,0
DA:436,0
DA:437,0
DA:438,0
DA:439,0
DA:440,0
DA:441,0
DA:442,0
DA:443,0
DA:444,0
DA:445,0
DA:446,0
DA:448,0
DA:449,0
DA:450,0
DA:451,0
DA:452,0
DA:453,0
DA:454,0
DA:455,0
DA:456,0
DA:457,0
DA:458,0
DA:459,0
DA:460,0
DA:461,0
DA:464,0
DA:465,1
DA:466,1
DA:468,1
DA:469,1
DA:470,1
DA:471,1
DA:472,0
DA:473,0
DA:475,0
DA:476,1
DA:477,0
DA:478,0
DA:479,0
DA:480,0
DA:481,0
DA:482,0
DA:483,1
DA:484,0
DA:485,0
DA:486,0
DA:487,0
DA:490,0
DA:492,1
DA:493,0
DA:494,0
DA:495,0
DA:496,0
DA:497,0
DA:498,0
DA:499,0
DA:500,0
DA:501,0
DA:502,0
DA:503,0
DA:504,0
DA:505,0
DA:506,0
DA:507,0
DA:508,0
DA:510,0
DA:511,0
DA:512,0
DA:513,0
DA:514,0
DA:515,0
DA:516,0
DA:517,0
DA:518,0
DA:519,0
DA:520,0
DA:521,0
DA:522,0
DA:523,0
DA:524,0
DA:525,0
DA:526,0
DA:527,1
DA:529,5
DA:530,5
DA:531,5
DA:532,5
DA:533,5
DA:534,5
DA:535,5
DA:536,5
DA:537,5
DA:538,5
DA:539,5
DA:540,5
DA:541,5
DA:542,5
DA:543,5
DA:544,5
DA:545,5
DA:546,5
DA:547,5
DA:548,5
DA:549,5
DA:550,5
DA:551,5
DA:552,5
DA:553,5
DA:554,5
DA:555,5
DA:556,5
DA:557,5
DA:558,5
DA:559,5
DA:560,5
DA:561,5
DA:562,5
DA:563,5
DA:564,5
DA:565,5
DA:566,5
LF:471
LH:300
BRDA:40,0,0,7
BRDA:44,1,0,5
BRDA:85,2,0,1
BRDA:89,3,0,3
BRDA:91,4,0,0
BRDA:92,5,0,0
BRDA:97,6,0,2
BRDA:98,7,0,0
BRDA:100,8,0,0
BRDA:116,9,0,3
BRDA:117,10,0,0
BRDA:121,11,0,2
BRDA:122,12,0,0
BRDA:125,13,0,0
BRDA:127,14,0,0
BRDA:128,15,0,0
BRDA:130,16,0,0
BRDA:135,17,0,2
BRDA:166,18,0,3
BRDA:167,19,0,1
BRDA:167,20,0,2
BRDA:168,21,0,0
BRDA:168,22,0,0
BRDA:169,23,0,0
BRDA:169,24,0,0
BRDA:170,25,0,0
BRDA:170,26,0,0
BRDA:172,27,0,0
BRDA:172,28,0,0
BRDA:172,29,0,0
BRDA:173,30,0,0
BRDA:173,31,0,0
BRDA:173,32,0,0
BRDA:174,33,0,0
BRDA:174,34,0,0
BRDA:177,35,0,0
BRDA:179,36,0,2
BRDA:180,37,0,2
BRDA:180,38,0,0
BRDA:181,39,0,2
BRDA:181,40,0,2
BRDA:181,41,0,0
BRDA:182,42,0,2
BRDA:182,43,0,0
BRDA:183,44,0,2
BRDA:185,45,0,2
BRDA:185,46,0,0
BRDA:186,47,0,2
BRDA:188,48,0,2
BRDA:188,49,0,2
BRDA:190,50,0,2
BRDA:198,51,0,2
BRDA:199,52,0,0
BRDA:200,53,0,0
BRDA:203,54,0,0
BRDA:208,55,0,1
BRDA:218,56,0,2
BRDA:219,57,0,1
BRDA:226,58,0,0
BRDA:229,59,0,1
BRDA:237,60,0,0
BRDA:237,61,0,0
BRDA:240,62,0,0
BRDA:247,63,0,1
BRDA:283,64,0,2
BRDA:284,65,0,0
BRDA:285,66,0,1
BRDA:291,67,0,1
BRDA:309,68,0,1
BRDA:295,69,0,1
BRDA:381,70,0,1
BRDA:382,71,0,0
BRDA:383,72,0,0
BRDA:385,73,0,0
BRDA:394,74,0,0
BRDA:397,75,0,0
BRDA:401,76,0,0
BRDA:405,77,0,0
BRDA:415,78,0,1
BRDA:416,79,0,0
BRDA:417,80,0,0
BRDA:420,81,0,0
BRDA:420,82,0,0
BRDA:426,83,0,0
BRDA:426,84,0,0
BRDA:465,85,0,0
BRDA:466,86,0,0
BRDA:466,87,0,0
BRDA:468,88,0,0
BRDA:468,89,0,0
BRDA:469,90,0,0
BRDA:469,91,0,0
BRDA:470,92,0,0
BRDA:470,93,0,0
BRDA:471,94,0,0
BRDA:476,95,0,0
BRDA:476,96,0,0
BRDA:483,97,0,0
BRDA:492,98,0,0
BRF:99
BRH:35
end_of_record
TN:
SF:src\stores\useObstacleStore.ts
FN:16,normalizeStatus
FN:36,fetchMyReports
FN:53,fetchAdminReports
FN:69,approveReport
FN:73,rejectReport
FN:77,revokeReport
FNF:6
FNH:6
FNDA:3,normalizeStatus
FNDA:1,fetchMyReports
FNDA:2,fetchAdminReports
FNDA:1,approveReport
FNDA:1,rejectReport
FNDA:1,revokeReport
DA:1,1
DA:16,3
DA:17,3
DA:18,3
DA:19,3
DA:21,1
DA:22,3
DA:23,3
DA:24,3
DA:25,3
DA:26,3
DA:27,3
DA:29,3
DA:30,3
DA:31,3
DA:32,3
DA:33,3
DA:34,3
DA:36,3
DA:37,1
DA:38,1
DA:39,1
DA:40,1
DA:41,1
DA:42,1
DA:43,1
DA:44,1
DA:45,1
DA:46,0
DA:47,0
DA:48,1
DA:49,1
DA:50,1
DA:51,1
DA:53,3
DA:54,2
DA:55,2
DA:56,2
DA:57,2
DA:58,2
DA:59,2
DA:60,2
DA:61,2
DA:62,1
DA:63,1
DA:64,2
DA:65,2
DA:66,2
DA:67,2
DA:69,3
DA:70,1
DA:71,1
DA:73,3
DA:74,1
DA:75,1
DA:77,3
DA:78,1
DA:79,1
DA:81,3
DA:82,3
DA:83,3
DA:84,3
DA:85,3
DA:86,3
DA:87,3
DA:88,3
DA:89,3
DA:90,3
LF:68
LH:66
BRDA:16,0,0,3
BRDA:17,1,0,1
BRDA:18,2,0,1
BRDA:21,3,0,3
BRDA:36,4,0,1
BRDA:42,5,0,0
BRDA:44,6,0,0
BRDA:45,7,0,0
BRDA:53,8,0,2
BRDA:54,9,0,1
BRDA:59,10,0,1
BRDA:60,11,0,0
BRDA:61,12,0,1
BRDA:62,13,0,0
BRDA:69,14,0,1
BRDA:70,15,0,0
BRDA:73,16,0,1
BRDA:77,17,0,1
BRDA:78,18,0,0
BRF:19
BRH:12
end_of_record
TN:
SF:src\stores\useRouteStore.ts
FN:60,setPoint
FN:65,clearPoints
FN:71,clearRouteState
FN:78,fetchRoute
FN:120,computeRoutes
FN:163,normalizeRouteResponse
FN:220,setActiveRouteFromBackend
FN:234,setActiveMode
FN:238,setStrategy
FN:242,setStrategyWeights
FNF:10
FNH:8
FNDA:17,setPoint
FNDA:1,clearPoints
FNDA:3,clearRouteState
FNDA:4,fetchRoute
FNDA:4,computeRoutes
FNDA:4,normalizeRouteResponse
FNDA:2,setActiveRouteFromBackend
FNDA:2,setActiveMode
FNDA:0,setStrategy
FNDA:0,setStrategyWeights
DA:1,1
DA:18,1
DA:19,31
DA:20,31
DA:22,31
DA:23,31
DA:25,31
DA:26,31
DA:27,31
DA:28,31
DA:30,31
DA:31,31
DA:32,31
DA:33,31
DA:34,31
DA:35,31
DA:37,31
DA:38,31
DA:39,31
DA:40,31
DA:41,31
DA:42,31
DA:43,31
DA:45,31
DA:46,7
DA:47,1
DA:48,6
DA:50,7
DA:51,31
DA:54,31
DA:55,3
DA:56,31
DA:58,31
DA:60,31
DA:61,17
DA:62,17
DA:63,17
DA:65,31
DA:66,1
DA:67,1
DA:68,1
DA:69,1
DA:71,31
DA:72,3
DA:73,3
DA:74,3
DA:75,3
DA:76,3
DA:78,31
DA:79,4
DA:80,4
DA:81,4
DA:83,4
DA:84,4
DA:85,4
DA:86,4
DA:87,4
DA:88,4
DA:89,4
DA:90,4
DA:91,4
DA:92,4
DA:94,4
DA:95,4
DA:96,4
DA:97,4
DA:98,4
DA:100,4
DA:101,2
DA:102,2
DA:103,2
DA:104,2
DA:105,2
DA:106,0
DA:107,0
DA:108,0
DA:109,0
DA:111,0
DA:112,0
DA:113,2
DA:114,2
DA:116,2
DA:117,2
DA:118,4
DA:120,31
DA:121,4
DA:122,2
DA:123,2
DA:124,2
DA:126,2
DA:127,2
DA:128,2
DA:130,2
DA:131,2
DA:132,2
DA:133,2
DA:135,2
DA:137,4
DA:138,4
DA:140,4
DA:141,4
DA:142,1
DA:143,1
DA:144,4
DA:145,1
DA:146,1
DA:147,4
DA:148,4
DA:151,4
DA:152,0
DA:153,0
DA:154,4
DA:155,0
DA:156,0
DA:158,4
DA:159,1
DA:160,1
DA:161,4
DA:163,31
DA:164,4
DA:165,4
DA:166,4
DA:167,2
DA:168,2
DA:169,2
DA:170,2
DA:171,2
DA:172,2
DA:173,2
DA:174,2
DA:175,2
DA:177,4
DA:178,4
DA:179,4
DA:180,4
DA:182,4
DA:183,4
DA:184,4
DA:185,2
DA:186,2
DA:187,2
DA:188,2
DA:189,2
DA:190,2
DA:191,2
DA:192,2
DA:193,2
DA:194,2
DA:195,2
DA:196,2
DA:197,0
DA:198,4
DA:199,4
DA:200,4
DA:201,4
DA:202,4
DA:203,4
DA:204,4
DA:205,4
DA:206,4
DA:207,4
DA:208,4
DA:209,4
DA:210,4
DA:211,4
DA:212,4
DA:213,4
DA:214,4
DA:215,4
DA:216,4
DA:217,4
DA:218,4
DA:220,31
DA:221,2
DA:222,2
DA:223,2
DA:224,0
DA:225,0
DA:226,2
DA:227,2
DA:228,2
DA:229,2
DA:230,2
DA:231,2
DA:232,2
DA:234,31
DA:235,2
DA:236,2
DA:238,31
DA:239,0
DA:240,0
DA:242,31
DA:243,0
DA:244,0
DA:246,31
DA:247,31
DA:248,31
DA:249,31
DA:250,31
DA:251,31
DA:252,31
DA:253,31
DA:254,31
DA:255,31
DA:256,31
DA:257,31
DA:258,31
DA:259,31
DA:260,31
DA:261,31
DA:262,31
LF:211
LH:194
BRDA:18,0,0,31
BRDA:45,1,0,7
BRDA:46,2,0,1
BRDA:47,3,0,6
BRDA:54,4,0,3
BRDA:55,5,0,2
BRDA:60,6,0,17
BRDA:61,7,0,9
BRDA:62,8,0,8
BRDA:65,9,0,1
BRDA:71,10,0,3
BRDA:78,11,0,4
BRDA:81,12,0,0
BRDA:100,13,0,2
BRDA:105,14,0,0
BRDA:120,15,0,4
BRDA:121,16,0,3
BRDA:121,17,0,2
BRDA:135,18,0,0
BRDA:135,19,0,2
BRDA:137,20,0,1
BRDA:137,21,0,1
BRDA:138,22,0,1
BRDA:138,23,0,1
BRDA:141,24,0,1
BRDA:142,25,0,0
BRDA:143,26,0,2
BRDA:144,27,0,1
BRDA:145,28,0,0
BRDA:146,29,0,2
BRDA:147,30,0,1
BRDA:147,31,0,1
BRDA:151,32,0,2
BRDA:151,33,0,1
BRDA:151,34,0,0
BRDA:153,35,0,2
BRDA:154,36,0,0
BRDA:154,37,0,0
BRDA:154,38,0,0
BRDA:156,39,0,2
BRDA:158,40,0,1
BRDA:163,41,0,4
BRDA:164,42,0,0
BRDA:166,43,0,2
BRDA:166,44,0,2
BRDA:169,45,0,0
BRDA:170,46,0,0
BRDA:177,47,0,0
BRDA:184,48,0,2
BRDA:196,49,0,0
BRDA:198,50,0,2
BRDA:199,51,0,0
BRDA:200,52,0,0
BRDA:201,53,0,0
BRDA:202,54,0,2
BRDA:202,55,0,0
BRDA:203,56,0,0
BRDA:203,57,0,2
BRDA:204,58,0,2
BRDA:205,59,0,2
BRDA:206,60,0,2
BRDA:207,61,0,0
BRDA:207,62,0,2
BRDA:208,63,0,0
BRDA:208,64,0,2
BRDA:209,65,0,2
BRDA:210,66,0,2
BRDA:179,67,0,4
BRDA:180,68,0,4
BRDA:220,69,0,2
BRDA:222,70,0,0
BRDA:223,71,0,0
BRDA:234,72,0,2
BRF:73
BRH:50
end_of_record
TN:
SF:src\stores\useSearchStore.ts
FN:9,tr
FN:68,loadPinyinFn
FN:80,loadHistory
FN:91,saveHistory
FN:99,addToHistory
FN:107,clearHistory
FN:113,loadCampusData
FN:166,averageCoords
FN:184,pickGeometryPoint
FN:202,buildTagsFromProps
FN:228,setQuery
FN:232,setWhich
FN:236,toggleCategory
FN:245,applySearchResult
FNF:14
FNH:12
FNDA:1,tr
FNDA:1,loadPinyinFn
FNDA:1,loadHistory
FNDA:2,saveHistory
FNDA:2,addToHistory
FNDA:1,clearHistory
FNDA:1,loadCampusData
FNDA:0,averageCoords
FNDA:1,pickGeometryPoint
FNDA:1,buildTagsFromProps
FNDA:1,setQuery
FNDA:0,setWhich
FNDA:2,toggleCategory
FNDA:1,applySearchResult
DA:1,1
DA:9,1
DA:10,1
DA:11,1
DA:34,1
DA:35,3
DA:36,3
DA:38,3
DA:39,3
DA:40,3
DA:41,3
DA:42,3
DA:45,3
DA:46,3
DA:47,3
DA:48,3
DA:49,3
DA:52,3
DA:53,3
DA:54,0
DA:55,0
DA:56,0
DA:57,0
DA:58,0
DA:59,0
DA:60,0
DA:61,3
DA:63,3
DA:64,3
DA:67,3
DA:68,3
DA:69,1
DA:70,1
DA:71,1
DA:72,1
DA:73,1
DA:74,0
DA:75,0
DA:76,1
DA:77,1
DA:80,3
DA:81,1
DA:82,1
DA:83,1
DA:84,1
DA:85,1
DA:86,1
DA:87,0
DA:88,0
DA:89,1
DA:91,3
DA:92,2
DA:93,2
DA:94,2
DA:96,0
DA:97,2
DA:99,3
DA:100,2
DA:101,2
DA:102,2
DA:103,2
DA:104,2
DA:105,2
DA:107,3
DA:108,1
DA:109,1
DA:110,1
DA:113,3
DA:114,1
DA:116,1
DA:117,1
DA:118,1
DA:119,1
DA:121,1
DA:122,1
DA:124,1
DA:125,2
DA:126,2
DA:127,2
DA:128,2
DA:129,2
DA:130,1
DA:131,1
DA:132,1
DA:134,1
DA:135,1
DA:137,1
DA:139,1
DA:140,1
DA:141,1
DA:142,1
DA:143,1
DA:144,1
DA:145,1
DA:146,1
DA:147,1
DA:148,1
DA:149,1
DA:150,1
DA:151,1
DA:152,1
DA:153,1
DA:154,1
DA:155,2
DA:157,1
DA:158,1
DA:159,1
DA:160,0
DA:161,1
DA:162,1
DA:163,1
DA:164,1
DA:166,3
DA:167,0
DA:168,0
DA:169,0
DA:170,0
DA:171,0
DA:172,0
DA:173,0
DA:174,0
DA:175,0
DA:176,0
DA:177,0
DA:178,0
DA:179,0
DA:180,0
DA:181,0
DA:182,0
DA:184,3
DA:185,1
DA:186,1
DA:187,1
DA:188,1
DA:189,1
DA:190,1
DA:191,0
DA:192,0
DA:193,0
DA:194,0
DA:195,0
DA:196,0
DA:197,0
DA:198,0
DA:199,0
DA:200,1
DA:202,3
DA:203,1
DA:204,1
DA:205,1
DA:206,9
DA:207,9
DA:208,1
DA:209,1
DA:211,3
DA:212,1
DA:213,1
DA:215,1
DA:216,1
DA:217,0
DA:218,0
DA:219,0
DA:220,0
DA:221,0
DA:223,1
DA:224,1
DA:225,3
DA:228,3
DA:229,1
DA:230,1
DA:232,3
DA:233,0
DA:234,0
DA:236,3
DA:237,2
DA:238,2
DA:239,1
DA:240,1
DA:241,1
DA:242,1
DA:243,2
DA:245,3
DA:246,1
DA:247,1
DA:248,1
DA:250,1
DA:251,1
DA:252,0
DA:253,0
DA:254,0
DA:256,1
DA:258,1
DA:259,1
DA:260,1
DA:261,1
DA:262,1
DA:264,1
DA:265,1
DA:266,1
DA:268,3
DA:269,3
DA:270,3
DA:271,3
DA:272,3
DA:273,3
DA:274,3
DA:275,3
DA:276,3
DA:277,3
DA:278,3
DA:279,3
DA:280,3
DA:281,3
DA:282,3
DA:283,3
DA:284,3
LF:216
LH:168
BRDA:9,0,0,1
BRDA:34,1,0,3
BRDA:68,2,0,1
BRDA:69,3,0,0
BRDA:72,4,0,0
BRDA:72,5,0,0
BRDA:73,6,0,0
BRDA:80,7,0,1
BRDA:86,8,0,0
BRDA:91,9,0,2
BRDA:94,10,0,0
BRDA:99,11,0,2
BRDA:100,12,0,0
BRDA:101,13,0,0
BRDA:107,14,0,1
BRDA:113,15,0,1
BRDA:114,16,0,0
BRDA:124,17,0,2
BRDA:127,18,0,0
BRDA:128,19,0,1
BRDA:129,20,0,0
BRDA:129,21,0,1
BRDA:132,22,0,0
BRDA:135,23,0,0
BRDA:140,24,0,0
BRDA:159,25,0,0
BRDA:157,26,0,1
BRDA:184,27,0,1
BRDA:185,28,0,0
BRDA:188,29,0,0
BRDA:189,30,0,0
BRDA:190,31,0,0
BRDA:202,32,0,1
BRDA:205,33,0,9
BRDA:206,34,0,1
BRDA:211,35,0,1
BRDA:213,36,0,0
BRDA:216,37,0,0
BRDA:223,38,0,0
BRDA:224,39,0,1
BRDA:228,40,0,1
BRDA:236,41,0,2
BRDA:238,42,0,1
BRDA:245,43,0,1
BRDA:246,44,0,0
BRDA:251,45,0,0
BRDA:251,46,0,0
BRDA:256,47,0,0
BRDA:259,48,0,0
BRDA:264,49,0,0
BRDA:265,50,0,0
BRF:51
BRH:22
end_of_record
TN:
SF:src\stores\useSessionStore.ts
FN:14,readProfile
FN:28,refresh
FN:34,init
FNF:3
FNH:0
FNDA:0,readProfile
FNDA:0,refresh
FNDA:0,init
DA:1,1
DA:12,1
DA:14,0
DA:15,0
DA:16,0
DA:17,0
DA:18,0
DA:19,0
DA:20,0
DA:21,0
DA:23,1
DA:24,14
DA:25,14
DA:26,14
DA:28,14
DA:29,0
DA:30,0
DA:31,0
DA:32,0
DA:34,14
DA:35,0
DA:36,0
DA:37,0
DA:38,0
DA:39,0
DA:40,0
DA:41,0
DA:42,0
DA:44,14
DA:45,14
DA:46,12
DA:47,12
DA:48,14
DA:49,14
DA:50,14
DA:51,14
DA:52,14
DA:53,14
DA:54,0
DA:55,0
DA:56,14
DA:58,14
DA:59,14
DA:60,14
DA:61,14
DA:62,14
DA:63,14
DA:64,14
DA:65,14
DA:66,14
DA:67,14
DA:68,14
DA:69,14
DA:70,14
DA:71,14
LF:55
LH:33
BRDA:23,0,0,14
BRDA:44,1,0,12
BRDA:44,2,0,6
BRDA:45,3,0,12
BRDA:46,4,0,6
BRDA:47,5,0,6
BRDA:47,6,0,6
BRDA:49,7,0,12
BRF:8
BRH:8
end_of_record
TN:
SF:src\stores\useThemeStore.ts
FN:36,setTheme
FN:47,toggleDark
FN:56,applyTheme
FN:71,getStoredTheme
FN:80,__vite_ssr_import_1__.watch.immediate
FNF:5
FNH:5
FNDA:6,setTheme
FNDA:2,toggleDark
FNDA:9,applyTheme
FNDA:3,getStoredTheme
FNDA:4,__vite_ssr_import_1__.watch.immediate
DA:1,1
DA:11,1
DA:13,3
DA:16,3
DA:19,3
DA:20,8
DA:21,3
DA:22,3
DA:23,5
DA:24,3
DA:27,3
DA:30,3
DA:31,3
DA:32,0
DA:33,3
DA:36,3
DA:37,6
DA:38,1
DA:39,1
DA:40,1
DA:41,5
DA:42,5
DA:43,5
DA:44,6
DA:47,3
DA:48,2
DA:49,1
DA:50,1
DA:51,1
DA:52,1
DA:53,2
DA:56,3
DA:57,9
DA:58,9
DA:59,9
DA:62,9
DA:63,9
DA:64,9
DA:65,9
DA:67,9
DA:68,9
DA:71,3
DA:72,3
DA:73,3
DA:74,1
DA:75,1
DA:76,2
DA:77,3
DA:80,3
DA:81,4
DA:82,3
DA:84,3
DA:85,3
DA:86,3
DA:87,3
DA:88,3
DA:89,3
DA:90,3
DA:91,3
LF:59
LH:58
BRDA:11,0,0,3
BRDA:19,1,0,8
BRDA:20,2,0,3
BRDA:21,3,0,0
BRDA:22,4,0,5
BRDA:36,5,0,6
BRDA:37,6,0,1
BRDA:40,7,0,5
BRDA:47,8,0,2
BRDA:48,9,0,1
BRDA:49,10,0,0
BRDA:51,11,0,0
BRDA:56,12,0,9
BRDA:64,13,0,4
BRDA:64,14,0,5
BRDA:71,15,0,3
BRDA:73,16,0,1
BRDA:73,17,0,1
BRDA:75,18,0,2
BRDA:80,19,0,4
BRF:20
BRH:17
end_of_record
TN:
SF:src\stores\useToastStore.ts
FN:1,(empty-report)
FNF:1
FNH:0
FNDA:0,(empty-report)
DA:1,0
DA:4,0
DA:5,0
DA:7,0
DA:8,0
DA:9,0
DA:11,0
DA:12,0
DA:13,0
DA:14,0
DA:15,0
LF:11
LH:0
BRDA:1,0,0,0
BRF:1
BRH:0
end_of_record
TN:
SF:src\stores\types\navigation.ts
FN:1,(empty-report)
FNF:1
FNH:1
FNDA:1,(empty-report)
LF:0
LH:0
BRDA:1,0,0,1
BRF:1
BRH:1
end_of_record
TN:
SF:src\types\api.ts
FN:1,(empty-report)
FNF:1
FNH:1
FNDA:1,(empty-report)
LF:0
LH:0
BRDA:1,0,0,1
BRF:1
BRH:1
end_of_record
TN:
SF:src\utils\authSession.ts
FN:11,isBrowser
FN:15,decodeBase64Url
FN:26,getTokenExpMs
FN:41,isTokenExpired
FN:47,getTokenRemainingMs
FN:53,emitSessionChanged
FN:58,clearAdminSessionSilently
FN:63,clearUserSessionSilently
FN:68,clearAuthSessions
FN:81,pruneExpiredAuthTokens
FN:110,getActiveAuthToken
FN:130,getSessionChangedEventName
FNF:12
FNH:11
FNDA:14,isBrowser
FNDA:10,decodeBase64Url
FNDA:10,getTokenExpMs
FNDA:8,isTokenExpired
FNDA:2,getTokenRemainingMs
FNDA:2,emitSessionChanged
FNDA:3,clearAdminSessionSilently
FNDA:0,clearUserSessionSilently
FNDA:1,clearAuthSessions
FNDA:6,pruneExpiredAuthTokens
FNDA:5,getActiveAuthToken
FNDA:1,getSessionChangedEventName
DA:1,1
DA:3,1
DA:4,1
DA:5,1
DA:6,1
DA:7,1
DA:11,14
DA:12,14
DA:13,14
DA:15,10
DA:16,10
DA:17,10
DA:18,10
DA:19,10
DA:20,10
DA:21,10
DA:22,1
DA:23,1
DA:24,10
DA:26,10
DA:27,10
DA:28,10
DA:29,10
DA:30,10
DA:31,9
DA:32,9
DA:33,9
DA:34,10
DA:35,9
DA:36,10
DA:37,0
DA:38,0
DA:39,10
DA:41,1
DA:42,8
DA:43,8
DA:44,8
DA:45,8
DA:47,1
DA:48,2
DA:49,2
DA:50,1
DA:51,1
DA:53,2
DA:54,2
DA:55,2
DA:56,2
DA:58,3
DA:59,3
DA:60,3
DA:61,3
DA:63,0
DA:64,0
DA:65,0
DA:66,0
DA:68,1
DA:69,1
DA:70,1
DA:71,1
DA:72,1
DA:73,1
DA:74,0
DA:75,0
DA:76,1
DA:77,1
DA:78,1
DA:79,1
DA:81,1
DA:82,6
DA:83,0
DA:84,0
DA:86,6
DA:87,6
DA:89,6
DA:91,6
DA:92,6
DA:93,2
DA:94,2
DA:95,2
DA:97,6
DA:98,6
DA:99,0
DA:100,0
DA:101,0
DA:103,6
DA:104,1
DA:105,1
DA:107,6
DA:108,6
DA:110,1
DA:111,5
DA:112,0
DA:113,0
DA:115,5
DA:117,5
DA:118,5
DA:119,1
DA:120,1
DA:122,4
DA:123,4
DA:124,1
DA:125,1
DA:127,3
DA:128,3
DA:130,1
DA:131,1
DA:132,1
LF:107
LH:92
BRDA:11,0,0,14
BRDA:15,1,0,10
BRDA:16,2,0,0
BRDA:21,3,0,1
BRDA:26,4,0,10
BRDA:27,5,0,0
BRDA:28,6,0,0
BRDA:30,7,0,1
BRDA:30,8,0,9
BRDA:34,9,0,0
BRDA:34,10,0,9
BRDA:36,11,0,0
BRDA:41,12,0,8
BRDA:43,13,0,0
BRDA:47,14,0,2
BRDA:49,15,0,1
BRDA:53,16,0,2
BRDA:54,17,0,0
BRDA:58,18,0,3
BRDA:68,19,0,1
BRDA:69,20,0,0
BRDA:73,21,0,0
BRDA:81,22,0,6
BRDA:82,23,0,0
BRDA:92,24,0,3
BRDA:92,25,0,2
BRDA:98,26,0,3
BRDA:98,27,0,0
BRDA:103,28,0,4
BRDA:103,29,0,2
BRDA:103,30,0,1
BRDA:110,31,0,5
BRDA:111,32,0,0
BRDA:118,33,0,4
BRDA:118,34,0,1
BRDA:123,35,0,1
BRDA:125,36,0,3
BRDA:130,37,0,1
BRF:38
BRH:26
end_of_record
TN:
SF:src\utils\coordTransform.ts
FN:11,outOfChina
FN:15,transformLat
FN:32,transformLng
FN:49,wgs84ToGcj02
FN:64,gcj02ToWgs84
FN:84,getDistance
FNF:6
FNH:0
FNDA:0,outOfChina
FNDA:0,transformLat
FNDA:0,transformLng
FNDA:0,wgs84ToGcj02
FNDA:0,gcj02ToWgs84
FNDA:0,getDistance
DA:6,1
DA:7,1
DA:8,1
DA:9,1
DA:11,0
DA:12,0
DA:13,0
DA:15,0
DA:16,0
DA:17,0
DA:18,0
DA:19,0
DA:20,0
DA:21,0
DA:22,0
DA:23,0
DA:24,0
DA:25,0
DA:26,0
DA:27,0
DA:28,0
DA:29,0
DA:30,0
DA:32,0
DA:33,0
DA:34,0
DA:35,0
DA:36,0
DA:37,0
DA:38,0
DA:39,0
DA:40,0
DA:41,0
DA:42,0
DA:43,0
DA:44,0
DA:45,0
DA:46,0
DA:47,0
DA:49,1
DA:50,0
DA:51,0
DA:52,0
DA:53,0
DA:54,0
DA:55,0
DA:56,0
DA:57,0
DA:58,0
DA:59,0
DA:60,0
DA:61,0
DA:62,0
DA:64,1
DA:65,0
DA:66,0
DA:67,0
DA:68,0
DA:69,0
DA:70,0
DA:71,0
DA:72,0
DA:73,0
DA:74,0
DA:75,0
DA:76,0
DA:77,0
DA:78,0
DA:79,0
DA:84,1
DA:85,0
DA:87,0
DA:88,0
DA:89,0
DA:90,0
DA:91,0
DA:92,0
DA:93,0
DA:94,0
DA:95,0
LF:80
LH:7
BRF:0
BRH:0
end_of_record
TN:
SF:src\utils\fetchUtils.ts
FN:15,generateTraceId
FN:21,ensureTraceId
FN:30,syncTraceIdFromResponse
FN:39,buildAuthHeaders
FN:44,buildBaseHeaders
FN:51,handleTokenRefresh
FN:78,shouldClearAuthSession
FN:91,safeReadText
FN:100,parseResponseData
FN:110,buildHttpError
FN:122,requestJson
FN:153,readResponseText
FN:161,postJson
FN:165,getJson
FN:169,putJson
FN:173,deleteJson
FN:177,getCurrentTraceId
FNF:17
FNH:15
FNDA:4,generateTraceId
FNDA:4,ensureTraceId
FNDA:3,syncTraceIdFromResponse
FNDA:3,buildAuthHeaders
FNDA:3,buildBaseHeaders
FNDA:3,handleTokenRefresh
FNDA:1,shouldClearAuthSession
FNDA:5,safeReadText
FNDA:5,parseResponseData
FNDA:1,buildHttpError
FNDA:3,requestJson
FNDA:2,readResponseText
FNDA:1,postJson
FNDA:2,getJson
FNDA:0,putJson
FNDA:0,deleteJson
FNDA:2,getCurrentTraceId
DA:1,1
DA:4,1
DA:5,1
DA:6,1
DA:7,1
DA:15,4
DA:16,4
DA:17,4
DA:18,4
DA:19,4
DA:21,4
DA:22,4
DA:23,4
DA:24,4
DA:25,4
DA:26,4
DA:27,4
DA:28,4
DA:30,3
DA:31,3
DA:32,3
DA:33,1
DA:34,1
DA:35,1
DA:36,3
DA:37,3
DA:39,3
DA:40,3
DA:41,3
DA:42,3
DA:44,3
DA:45,3
DA:46,3
DA:47,3
DA:48,3
DA:49,3
DA:51,3
DA:52,3
DA:53,3
DA:55,1
DA:56,1
DA:57,1
DA:58,3
DA:59,0
DA:60,0
DA:61,0
DA:62,0
DA:63,0
DA:64,0
DA:65,0
DA:66,0
DA:67,0
DA:68,0
DA:69,0
DA:70,0
DA:72,1
DA:73,1
DA:74,1
DA:75,1
DA:76,3
DA:78,1
DA:79,1
DA:80,0
DA:81,0
DA:82,1
DA:83,1
DA:84,1
DA:85,1
DA:86,1
DA:87,0
DA:88,1
DA:89,1
DA:91,5
DA:92,5
DA:93,5
DA:94,5
DA:95,5
DA:96,0
DA:97,0
DA:98,5
DA:100,5
DA:101,5
DA:102,5
DA:103,5
DA:104,5
DA:105,5
DA:106,1
DA:107,1
DA:108,5
DA:110,1
DA:111,1
DA:112,1
DA:113,0
DA:114,0
DA:115,1
DA:116,1
DA:117,1
DA:118,1
DA:119,1
DA:120,1
DA:122,3
DA:123,3
DA:124,3
DA:125,3
DA:126,1
DA:127,1
DA:129,3
DA:130,3
DA:131,3
DA:132,3
DA:133,3
DA:135,3
DA:136,3
DA:137,3
DA:139,3
DA:140,1
DA:141,1
DA:142,1
DA:143,1
DA:144,1
DA:145,1
DA:146,1
DA:147,1
DA:148,1
DA:150,2
DA:151,2
DA:153,2
DA:154,2
DA:155,2
DA:156,2
DA:157,2
DA:158,0
DA:159,0
DA:161,1
DA:162,1
DA:163,1
DA:165,2
DA:166,2
DA:167,2
DA:169,0
DA:170,0
DA:171,0
DA:173,0
DA:174,0
DA:175,0
DA:177,1
DA:178,2
DA:179,2
LF:148
LH:121
BRDA:15,0,0,4
BRDA:21,1,0,4
BRDA:30,2,0,3
BRDA:32,3,0,1
BRDA:35,4,0,2
BRDA:36,5,0,0
BRDA:39,6,0,3
BRDA:41,7,0,2
BRDA:41,8,0,1
BRDA:44,9,0,3
BRDA:51,10,0,3
BRDA:53,11,0,2
BRDA:53,12,0,1
BRDA:58,13,0,0
BRDA:70,14,0,1
BRDA:78,15,0,1
BRDA:79,16,0,0
BRDA:79,17,0,0
BRDA:84,18,0,0
BRDA:85,19,0,0
BRDA:91,20,0,5
BRDA:95,21,0,0
BRDA:100,22,0,5
BRDA:102,23,0,0
BRDA:105,24,0,1
BRDA:110,25,0,1
BRDA:112,26,0,0
BRDA:112,27,0,0
BRDA:113,28,0,0
BRDA:118,29,0,0
BRDA:122,30,0,3
BRDA:125,31,0,1
BRDA:125,32,0,1
BRDA:132,33,0,1
BRDA:132,34,0,1
BRDA:132,35,0,2
BRDA:139,36,0,1
BRDA:145,37,0,0
BRDA:148,38,0,2
BRDA:153,39,0,2
BRDA:155,40,0,1
BRDA:156,41,0,1
BRDA:156,42,0,1
BRDA:156,43,0,0
BRDA:157,44,0,0
BRDA:157,45,0,0
BRDA:161,46,0,1
BRDA:165,47,0,2
BRDA:177,48,0,2
BRDA:178,49,0,1
BRF:50
BRH:34
end_of_record
TN:
SF:src\utils\logger.ts
FN:18,shouldLog
FN:22,shouldReportErrorInProd
FN:28,buildClientErrorUrl
FN:33,safeTruncate
FN:39,argToString
FN:53,getErrorStack
FN:58,getCurrentTraceId
FN:66,reportErrorInProd
FN:103,debug
FN:106,log
FN:109,info
FN:112,warn
FN:115,error
FNF:13
FNH:6
FNDA:36,shouldLog
FNDA:3,shouldReportErrorInProd
FNDA:0,buildClientErrorUrl
FNDA:0,safeTruncate
FNDA:0,argToString
FNDA:0,getErrorStack
FNDA:0,getCurrentTraceId
FNDA:3,reportErrorInProd
FNDA:32,debug
FNDA:0,log
FNDA:0,info
FNDA:1,warn
FNDA:3,error
DA:14,1
DA:15,1
DA:16,1
DA:18,36
DA:19,36
DA:20,36
DA:22,3
DA:23,3
DA:24,3
DA:25,3
DA:26,3
DA:28,0
DA:29,0
DA:30,0
DA:31,0
DA:33,0
DA:34,0
DA:35,0
DA:36,0
DA:37,0
DA:39,0
DA:40,0
DA:41,0
DA:42,0
DA:43,0
DA:44,0
DA:45,0
DA:46,0
DA:47,0
DA:48,0
DA:49,0
DA:50,0
DA:51,0
DA:53,0
DA:54,0
DA:55,0
DA:56,0
DA:58,0
DA:59,0
DA:60,0
DA:61,0
DA:62,0
DA:63,0
DA:64,0
DA:66,3
DA:67,3
DA:68,0
DA:70,0
DA:71,0
DA:72,0
DA:74,0
DA:75,0
DA:76,0
DA:77,0
DA:78,0
DA:79,0
DA:80,0
DA:81,3
DA:83,3
DA:84,3
DA:85,3
DA:86,3
DA:87,3
DA:88,3
DA:89,3
DA:90,3
DA:91,3
DA:92,3
DA:93,3
DA:94,3
DA:95,3
DA:96,3
DA:97,3
DA:99,3
DA:100,3
DA:102,1
DA:103,1
DA:104,32
DA:105,32
DA:106,1
DA:107,0
DA:108,0
DA:109,1
DA:110,0
DA:111,0
DA:112,1
DA:113,1
DA:114,1
DA:115,1
DA:116,3
DA:117,0
DA:118,0
DA:119,0
DA:120,3
DA:121,3
DA:122,1
LF:96
LH:45
BRDA:18,0,0,36
BRDA:22,1,0,3
BRDA:23,2,0,0
BRDA:23,3,0,0
BRDA:66,4,0,3
BRDA:67,5,0,0
BRDA:78,6,0,0
BRDA:79,7,0,0
BRDA:81,8,0,0
BRDA:81,9,0,0
BRDA:87,10,0,0
BRDA:87,11,0,0
BRDA:103,12,0,32
BRDA:104,13,0,0
BRDA:112,14,0,1
BRDA:113,15,0,0
BRDA:115,16,0,3
BRDA:116,17,0,0
BRF:18
BRH:6
end_of_record
TN:
SF:src\utils\polylineUtils.ts
FN:12,toMetersXY
FN:19,clamp
FN:26,distanceToLineStringMeters
FN:70,projectToLineStringMeters
FNF:4
FNH:4
FNDA:11,toMetersXY
FNDA:3,clamp
FNDA:2,distanceToLineStringMeters
FNDA:3,projectToLineStringMeters
DA:12,11
DA:14,11
DA:15,11
DA:16,11
DA:17,11
DA:19,3
DA:20,3
DA:21,3
DA:26,1
DA:27,2
DA:28,1
DA:29,1
DA:30,2
DA:32,1
DA:33,1
DA:35,1
DA:36,1
DA:37,1
DA:38,1
DA:39,1
DA:40,1
DA:41,1
DA:42,1
DA:43,1
DA:44,1
DA:46,1
DA:47,1
DA:49,1
DA:50,1
DA:51,1
DA:52,1
DA:54,1
DA:55,1
DA:56,1
DA:57,1
DA:58,1
DA:59,1
DA:60,1
DA:61,1
DA:62,1
DA:64,1
DA:65,1
DA:70,1
DA:71,3
DA:72,2
DA:73,2
DA:74,3
DA:76,2
DA:77,2
DA:79,2
DA:80,2
DA:82,3
DA:83,3
DA:84,3
DA:85,3
DA:86,3
DA:87,3
DA:88,3
DA:89,3
DA:90,3
DA:92,3
DA:93,3
DA:95,3
DA:96,3
DA:97,3
DA:98,3
DA:100,2
DA:101,2
DA:102,2
DA:104,2
DA:105,2
DA:106,2
DA:107,2
DA:108,2
DA:110,2
DA:111,2
DA:112,2
DA:113,2
DA:114,2
DA:116,2
DA:117,3
DA:118,3
LF:82
LH:82
BRDA:12,0,0,11
BRDA:19,1,0,3
BRDA:26,2,0,2
BRDA:27,3,0,1
BRDA:30,4,0,0
BRDA:30,5,0,1
BRDA:39,6,0,0
BRDA:44,7,0,0
BRDA:55,8,0,0
BRDA:70,9,0,3
BRDA:71,10,0,1
BRDA:71,11,0,2
BRDA:74,12,0,0
BRDA:74,13,0,2
BRDA:85,14,0,0
BRDA:90,15,0,0
BRDA:98,16,0,1
BRDA:98,17,0,2
BRDA:117,18,0,0
BRDA:117,19,0,2
BRF:20
BRH:12
end_of_record
TN:
SF:src\utils\searchUtils.ts
FN:11,normalizeText
FN:15,normalizeSearchText
FN:19,isLatinQuery
FN:23,isSubsequence
FN:33,fuzzyMatch
FN:50,deriveCategories
FN:54,addIf
FN:71,applyCategories
FN:76,attachPinyinToItem
FN:91,buildAliasList
FN:95,add
FN:121,escapeHtml
FN:130,escapeRegExp
FN:134,highlightMatch
FNF:14
FNH:14
FNDA:13,normalizeText
FNDA:8,normalizeSearchText
FNDA:2,isLatinQuery
FNDA:3,isSubsequence
FNDA:4,fuzzyMatch
FNDA:4,deriveCategories
FNDA:16,addIf
FNDA:2,applyCategories
FNDA:2,attachPinyinToItem
FNDA:1,buildAliasList
FNDA:9,add
FNDA:2,escapeHtml
FNDA:2,escapeRegExp
FNDA:1,highlightMatch
DA:11,1
DA:12,13
DA:13,13
DA:15,1
DA:16,8
DA:17,8
DA:19,1
DA:20,2
DA:21,2
DA:23,1
DA:24,3
DA:25,3
DA:26,3
DA:27,21
DA:28,21
DA:29,21
DA:30,3
DA:31,3
DA:33,1
DA:34,4
DA:35,4
DA:36,2
DA:37,2
DA:38,1
DA:39,1
DA:40,2
DA:41,4
DA:42,4
DA:43,4
DA:44,4
DA:45,4
DA:46,0
DA:47,0
DA:48,4
DA:50,1
DA:51,4
DA:52,4
DA:54,4
DA:55,16
DA:56,77
DA:57,4
DA:58,4
DA:59,4
DA:60,77
DA:61,16
DA:63,4
DA:64,4
DA:65,4
DA:66,4
DA:68,4
DA:69,4
DA:71,1
DA:72,2
DA:73,2
DA:74,2
DA:76,1
DA:77,2
DA:78,2
DA:79,2
DA:80,2
DA:81,2
DA:82,2
DA:83,2
DA:84,2
DA:85,2
DA:86,2
DA:87,0
DA:88,0
DA:89,2
DA:91,1
DA:92,1
DA:93,1
DA:94,1
DA:95,1
DA:96,9
DA:97,3
DA:98,3
DA:99,3
DA:100,9
DA:101,2
DA:102,2
DA:103,9
DA:104,1
DA:105,1
DA:106,1
DA:107,1
DA:108,1
DA:109,1
DA:110,1
DA:111,1
DA:112,1
DA:113,1
DA:114,1
DA:115,1
DA:116,9
DA:117,9
DA:118,1
DA:119,1
DA:121,1
DA:122,2
DA:123,2
DA:124,2
DA:125,2
DA:126,2
DA:127,2
DA:128,2
DA:130,1
DA:131,2
DA:132,2
DA:134,1
DA:135,1
DA:136,1
DA:137,1
DA:138,1
DA:139,1
DA:140,1
DA:141,1
LF:117
LH:113
BRDA:11,0,0,13
BRDA:12,1,0,0
BRDA:15,2,0,8
BRDA:19,3,0,2
BRDA:20,4,0,0
BRDA:23,5,0,3
BRDA:26,6,0,21
BRDA:26,7,0,21
BRDA:27,8,0,7
BRDA:33,9,0,4
BRDA:34,10,0,0
BRDA:35,11,0,2
BRDA:36,12,0,1
BRDA:37,13,0,0
BRDA:37,14,0,1
BRDA:41,15,0,0
BRDA:42,16,0,0
BRDA:43,17,0,1
BRDA:44,18,0,3
BRDA:44,19,0,0
BRDA:44,20,0,1
BRDA:45,21,0,3
BRDA:45,22,0,1
BRDA:45,23,0,0
BRDA:50,24,0,4
BRDA:52,25,0,0
BRDA:52,26,0,3
BRDA:52,27,0,0
BRDA:54,28,0,16
BRDA:55,29,0,77
BRDA:56,30,0,4
BRDA:60,31,0,12
BRDA:71,32,0,2
BRDA:76,33,0,2
BRDA:77,34,0,0
BRDA:83,35,0,0
BRDA:84,36,0,0
BRDA:86,37,0,0
BRDA:91,38,0,1
BRDA:93,39,0,0
BRDA:115,40,0,9
BRDA:95,41,0,9
BRDA:96,42,0,6
BRDA:96,43,0,3
BRDA:98,44,0,0
BRDA:98,45,0,3
BRDA:99,46,0,0
BRDA:99,47,0,3
BRDA:100,48,0,1
BRDA:100,49,0,2
BRDA:121,50,0,2
BRDA:122,51,0,0
BRDA:130,52,0,2
BRDA:131,53,0,0
BRDA:134,54,0,1
BRDA:135,55,0,0
BRDA:137,56,0,0
BRDA:138,57,0,0
BRF:58
BRH:36
end_of_record
